2018-06-20 15:46:10 +0000  Initial pipeline context: <IDEDistributionProcessingPipelineContext: 0x7f8e4d5a7e50; archive(resolved)='<IDEArchive: 0x7f8e4a3e5510>', distributionTask(resolved)='2', distributionMethod(resolved)='<IDEDistributionMethodAdHoc: 0x7f8e4dad5200>', team(resolved)='<IDEProvisioningBasicTeam: 0x7f8e524cafb0; teamID='BS94KU7P4Q', teamName='Jinfei Shi'>'>
	Chain (11, self inclusive):
	<IDEDistributionProcessingPipelineContext: 0x7f8e4d5a7e50; archive = '<IDEArchive: 0x7f8e4a3e5510>', distributionMethod='<IDEDistributionMethodAdHoc: 0x7f8e4dad5200>', team='<IDEProvisioningBasicTeam: 0x7f8e524cafb0; teamID='BS94KU7P4Q', teamName='Jinfei Shi'>'>
	<IDEDistributionProcessingPipelineContext: 0x7f8e4f464880; archive = '<IDEArchive: 0x7f8e4a3e5510>', distributionMethod='<IDEDistributionMethodAdHoc: 0x7f8e4dad5200>', team='<IDEProvisioningBasicTeam: 0x7f8e524cafb0; teamID='BS94KU7P4Q', teamName='Jinfei Shi'>'>
	<IDEDistributionContext: 0x7f8e5149c580; archive = '<IDEArchive: 0x7f8e4a3e5510>', distributionMethod='<IDEDistributionMethodAdHoc: 0x7f8e4dad5200>', team='<IDEProvisioningBasicTeam: 0x7f8e524cafb0; teamID='BS94KU7P4Q', teamName='Jinfei Shi'>'>
	<IDEDistributionContext: 0x7f8e4d638a20; archive = '<IDEArchive: 0x7f8e4a3e5510>', distributionMethod='<IDEDistributionMethodAdHoc: 0x7f8e4dad5200>', team='<IDEProvisioningBasicTeam: 0x7f8e524cafb0; teamID='BS94KU7P4Q', teamName='Jinfei Shi'>'>
	<IDEDistributionContext: 0x7f8e4fda73d0; archive = '<IDEArchive: 0x7f8e4a3e5510>', distributionMethod='<IDEDistributionMethodAdHoc: 0x7f8e4dad5200>', team='<IDEProvisioningBasicTeam: 0x7f8e524cafb0; teamID='BS94KU7P4Q', teamName='Jinfei Shi'>'>
	<IDEDistributionContext: 0x7f8e4fbd68c0; archive = '<IDEArchive: 0x7f8e4a3e5510>', distributionMethod='<IDEDistributionMethodAdHoc: 0x7f8e4dad5200>', team='<IDEProvisioningBasicTeam: 0x7f8e524cafb0; teamID='BS94KU7P4Q', teamName='Jinfei Shi'>'>
	<IDEDistributionContext: 0x7f8e4f47e7f0; archive = '<IDEArchive: 0x7f8e4a3e5510>', distributionMethod='<IDEDistributionMethodAdHoc: 0x7f8e4dad5200>', team='<IDEProvisioningBasicTeam: 0x7f8e524cafb0; teamID='BS94KU7P4Q', teamName='Jinfei Shi'>'>
	<IDEDistributionContext: 0x7f8e5162fce0; archive = '<IDEArchive: 0x7f8e4a3e5510>', distributionMethod='<IDEDistributionMethodAdHoc: 0x7f8e4dad5200>', team='<IDEProvisioningBasicTeam: 0x7f8e524cafb0; teamID='BS94KU7P4Q', teamName='Jinfei Shi'>'>
	<IDEDistributionContext: 0x7f8e4d54f410; archive = '<IDEArchive: 0x7f8e4a3e5510>', distributionMethod='<IDEDistributionMethodAdHoc: 0x7f8e4dad5200>', team='<IDEProvisioningBasicTeam: 0x7f8e524cafb0; teamID='BS94KU7P4Q', teamName='Jinfei Shi'>'>
	<IDEDistributionContext: 0x7f8e4decfe90; archive = '<IDEArchive: 0x7f8e4a3e5510>', distributionMethod='<IDEDistributionMethodAdHoc: 0x7f8e4dad5200>', team='(null)'>
	<IDEDistributionContext: 0x7f8e4da999c0; archive = '<IDEArchive: 0x7f8e4a3e5510>', distributionMethod='(null)', team='(null)'>
</IDEDistributionProcessingPipelineContext: 0x7f8e4d5a7e50>
2018-06-20 15:46:10 +0000  Processing step: IDEDistributionCreateDestRootStep
2018-06-20 15:46:10 +0000  Processing step: IDEDistributionCopyItemStep
2018-06-20 15:46:10 +0000  Running /usr/bin/ditto '-V' '/Users/jinfeishi/Library/Developer/Xcode/Archives/2018-06-20/ShootSharksDemo 20-06-2018, 16.21.xcarchive/Products/Applications/ShootSharksDemo.app' '/var/folders/ft/nf19_ybd3yv99h5q651p0_n80000gn/T/XcodeDistPipeline.Spe/Root/Payload/ShootSharksDemo.app'
2018-06-20 15:46:10 +0000  >>> Copying /Users/jinfeishi/Library/Developer/Xcode/Archives/2018-06-20/ShootSharksDemo 20-06-2018, 16.21.xcarchive/Products/Applications/ShootSharksDemo.app 
2018-06-20 15:46:10 +0000  copying file ./_CodeSignature/CodeResources ... 
2018-06-20 15:46:10 +0000  72683 bytes for ./_CodeSignature/CodeResources
2018-06-20 15:46:10 +0000  copying file ./AppIcon29x29.png ... 
2018-06-20 15:46:10 +0000  3349 bytes for ./AppIcon29x29.png
copying file ./AppIcon29x29@2x.png ... 
2018-06-20 15:46:10 +0000  6585 bytes for ./AppIcon29x29@2x.png
copying file ./AppIcon29x29@2x~ipad.png ... 
2018-06-20 15:46:10 +0000  6585 bytes for ./AppIcon29x29@2x~ipad.png
2018-06-20 15:46:10 +0000  copying file ./AppIcon29x29@3x.png ... 
2018-06-20 15:46:10 +0000  9082 bytes for ./AppIcon29x29@3x.png
2018-06-20 15:46:10 +0000  copying file ./AppIcon29x29~ipad.png ... 
2018-06-20 15:46:10 +0000  3349 bytes for ./AppIcon29x29~ipad.png
copying file ./AppIcon40x40@2x.png ... 
2018-06-20 15:46:10 +0000  8883 bytes for ./AppIcon40x40@2x.png
copying file ./AppIcon40x40@2x~ipad.png ... 
8883 bytes for ./AppIcon40x40@2x~ipad.png
2018-06-20 15:46:10 +0000  copying file ./AppIcon40x40@3x.png ... 
2018-06-20 15:46:10 +0000  14152 bytes for ./AppIcon40x40@3x.png
copying file ./AppIcon40x40~ipad.png ... 
2018-06-20 15:46:10 +0000  4450 bytes for ./AppIcon40x40~ipad.png
copying file ./AppIcon50x50@2x~ipad.png ... 
2018-06-20 15:46:10 +0000  11331 bytes for ./AppIcon50x50@2x~ipad.png
copying file ./AppIcon50x50~ipad.png ... 
2018-06-20 15:46:10 +0000  5557 bytes for ./AppIcon50x50~ipad.png
copying file ./AppIcon57x57.png ... 
2018-06-20 15:46:10 +0000  5977 bytes for ./AppIcon57x57.png
copying file ./AppIcon57x57@2x.png ... 
13012 bytes for ./AppIcon57x57@2x.png
copying file ./AppIcon60x60@2x.png ... 
2018-06-20 15:46:10 +0000  14152 bytes for ./AppIcon60x60@2x.png
copying file ./AppIcon60x60@3x.png ... 
2018-06-20 15:46:10 +0000  33390 bytes for ./AppIcon60x60@3x.png
copying file ./AppIcon72x72@2x~ipad.png ... 
2018-06-20 15:46:10 +0000  17926 bytes for ./AppIcon72x72@2x~ipad.png
copying file ./AppIcon72x72~ipad.png ... 
2018-06-20 15:46:10 +0000  8045 bytes for ./AppIcon72x72~ipad.png
2018-06-20 15:46:10 +0000  copying file ./AppIcon76x76@2x~ipad.png ... 
16629 bytes for ./AppIcon76x76@2x~ipad.png
copying file ./AppIcon76x76~ipad.png ... 
2018-06-20 15:46:10 +0000  8463 bytes for ./AppIcon76x76~ipad.png
copying file ./AppIcon83.5x83.5@2x~ipad.png ... 
2018-06-20 15:46:10 +0000  28234 bytes for ./AppIcon83.5x83.5@2x~ipad.png
copying file ./Assets.car ... 
2018-06-20 15:46:10 +0000  212216 bytes for ./Assets.car
2018-06-20 15:46:10 +0000  copying file ./CDVLaunchScreen.storyboardc/01J-lp-oVM-view-Ze5-6b-2t3.nib ... 
2018-06-20 15:46:10 +0000  2284 bytes for ./CDVLaunchScreen.storyboardc/01J-lp-oVM-view-Ze5-6b-2t3.nib
2018-06-20 15:46:10 +0000  copying file ./CDVLaunchScreen.storyboardc/Info.plist ... 
2018-06-20 15:46:10 +0000  258 bytes for ./CDVLaunchScreen.storyboardc/Info.plist
copying file ./CDVLaunchScreen.storyboardc/UIViewController-01J-lp-oVM.nib ... 
2018-06-20 15:46:10 +0000  832 bytes for ./CDVLaunchScreen.storyboardc/UIViewController-01J-lp-oVM.nib
2018-06-20 15:46:10 +0000  copying file ./CDVNotification.bundle/beep.wav ... 
2018-06-20 15:46:10 +0000  8114 bytes for ./CDVNotification.bundle/beep.wav
2018-06-20 15:46:10 +0000  copying file ./config.xml ... 
2018-06-20 15:46:10 +0000  3427 bytes for ./config.xml
copying file ./embedded.mobileprovision ... 
2018-06-20 15:46:10 +0000  8069 bytes for ./embedded.mobileprovision
copying file ./Info.plist ... 
2018-06-20 15:46:10 +0000  2010 bytes for ./Info.plist
copying file ./LaunchImage-568h@2x.png ... 
2018-06-20 15:46:10 +0000  61990 bytes for ./LaunchImage-568h@2x.png
copying file ./LaunchImage-700-568h@2x.png ... 
2018-06-20 15:46:10 +0000  61990 bytes for ./LaunchImage-700-568h@2x.png
copying file ./LaunchImage-700-Landscape@2x~ipad.png ... 
2018-06-20 15:46:10 +0000  161722 bytes for ./LaunchImage-700-Landscape@2x~ipad.png
copying file ./LaunchImage-700-Landscape~ipad.png ... 
2018-06-20 15:46:10 +0000  76512 bytes for ./LaunchImage-700-Landscape~ipad.png
copying file ./LaunchImage-700-Portrait@2x~ipad.png ... 
154923 bytes for ./LaunchImage-700-Portrait@2x~ipad.png
copying file ./LaunchImage-700-Portrait~ipad.png ... 
2018-06-20 15:46:10 +0000  74890 bytes for ./LaunchImage-700-Portrait~ipad.png
copying file ./LaunchImage-700@2x.png ... 
2018-06-20 15:46:10 +0000  55319 bytes for ./LaunchImage-700@2x.png
copying file ./LaunchImage-800-667h@2x.png ... 
2018-06-20 15:46:10 +0000  52100 bytes for ./LaunchImage-800-667h@2x.png
copying file ./LaunchImage-800-Landscape-736h@3x.png ... 
63597 bytes for ./LaunchImage-800-Landscape-736h@3x.png
copying file ./LaunchImage-800-Portrait-736h@3x.png ... 
2018-06-20 15:46:10 +0000  62285 bytes for ./LaunchImage-800-Portrait-736h@3x.png
2018-06-20 15:46:10 +0000  copying file ./LaunchImage-Landscape@2x~ipad.png ... 
2018-06-20 15:46:10 +0000  161722 bytes for ./LaunchImage-Landscape@2x~ipad.png
copying file ./LaunchImage-Landscape~ipad.png ... 
2018-06-20 15:46:10 +0000  76512 bytes for ./LaunchImage-Landscape~ipad.png
copying file ./LaunchImage-Portrait@2x~ipad.png ... 
2018-06-20 15:46:10 +0000  154923 bytes for ./LaunchImage-Portrait@2x~ipad.png
copying file ./LaunchImage-Portrait~ipad.png ... 
74890 bytes for ./LaunchImage-Portrait~ipad.png
copying file ./LaunchImage.png ... 
20021 bytes for ./LaunchImage.png
copying file ./LaunchImage@2x.png ... 
55319 bytes for ./LaunchImage@2x.png
copying file ./MainViewController.nib ... 
943 bytes for ./MainViewController.nib
copying file ./PkgInfo ... 
2018-06-20 15:46:10 +0000  8 bytes for ./PkgInfo
copying file ./ShootSharksDemo ... 
2018-06-20 15:46:10 +0000  793568 bytes for ./ShootSharksDemo
2018-06-20 15:46:10 +0000  copying file ./www/cordova-js-src/exec.js ... 
2018-06-20 15:46:10 +0000  8877 bytes for ./www/cordova-js-src/exec.js
copying file ./www/cordova-js-src/platform.js ... 
2018-06-20 15:46:10 +0000  1168 bytes for ./www/cordova-js-src/platform.js
2018-06-20 15:46:10 +0000  copying file ./www/cordova-js-src/plugin/ios/console.js ... 
6822 bytes for ./www/cordova-js-src/plugin/ios/console.js
copying file ./www/cordova-js-src/plugin/ios/logger.js ... 
2018-06-20 15:46:10 +0000  10233 bytes for ./www/cordova-js-src/plugin/ios/logger.js
2018-06-20 15:46:10 +0000  copying file ./www/cordova.js ... 
2018-06-20 15:46:10 +0000  78044 bytes for ./www/cordova.js
copying file ./www/cordova_plugins.js ... 
2018-06-20 15:46:10 +0000  7244 bytes for ./www/cordova_plugins.js
copying file ./www/css/app.css ... 
2018-06-20 15:46:10 +0000  1709 bytes for ./www/css/app.css
copying file ./www/css/bootstrap.min.css ... 
2018-06-20 15:46:10 +0000  122540 bytes for ./www/css/bootstrap.min.css
copying file ./www/css/font-awesome.css ... 
2018-06-20 15:46:10 +0000  21657 bytes for ./www/css/font-awesome.css
copying file ./www/css/index.css ... 
3719 bytes for ./www/css/index.css
2018-06-20 15:46:10 +0000  copying file ./www/css/web_version/checkbox-style.css ... 
2018-06-20 15:46:10 +0000  1029 bytes for ./www/css/web_version/checkbox-style.css
copying file ./www/css/web_version/font-awesome.css ... 
28746 bytes for ./www/css/web_version/font-awesome.css
copying file ./www/css/web_version/master_nav_style.css ... 
2018-06-20 15:46:10 +0000  1925 bytes for ./www/css/web_version/master_nav_style.css
copying file ./www/css/web_version/master_styling.css ... 
2018-06-20 15:46:10 +0000  46259 bytes for ./www/css/web_version/master_styling.css
copying file ./www/css/web_version/pushmenu.css ... 
3442 bytes for ./www/css/web_version/pushmenu.css
copying file ./www/css/web_version/style-radio.css ... 
2018-06-20 15:46:10 +0000  2144 bytes for ./www/css/web_version/style-radio.css
copying file ./www/css/web_version/style-select.css ... 
2018-06-20 15:46:10 +0000  3257 bytes for ./www/css/web_version/style-select.css
copying file ./www/css/web_version/theme-default.css ... 
2018-06-20 15:46:10 +0000  35353 bytes for ./www/css/web_version/theme-default.css
2018-06-20 15:46:10 +0000  copying file ./www/fonts/fontawesome-webfont.eot ... 
2018-06-20 15:46:10 +0000  60767 bytes for ./www/fonts/fontawesome-webfont.eot
copying file ./www/fonts/fontawesome-webfont.svg ... 
2018-06-20 15:46:10 +0000  313398 bytes for ./www/fonts/fontawesome-webfont.svg
copying file ./www/fonts/fontawesome-webfont.ttf ... 
2018-06-20 15:46:10 +0000  122092 bytes for ./www/fonts/fontawesome-webfont.ttf
copying file ./www/fonts/fontawesome-webfont.woff ... 
2018-06-20 15:46:10 +0000  71508 bytes for ./www/fonts/fontawesome-webfont.woff
copying file ./www/fonts/fontawesome-webfont.woff2 ... 
2018-06-20 15:46:10 +0000  56780 bytes for ./www/fonts/fontawesome-webfont.woff2
copying file ./www/fonts/FontAwesome.otf ... 
2018-06-20 15:46:10 +0000  93888 bytes for ./www/fonts/FontAwesome.otf
copying file ./www/fonts/glyphicons-halflings-regular.eot ... 
20127 bytes for ./www/fonts/glyphicons-halflings-regular.eot
copying file ./www/fonts/glyphicons-halflings-regular.svg ... 
2018-06-20 15:46:10 +0000  108738 bytes for ./www/fonts/glyphicons-halflings-regular.svg
copying file ./www/fonts/glyphicons-halflings-regular.ttf ... 
2018-06-20 15:46:10 +0000  45404 bytes for ./www/fonts/glyphicons-halflings-regular.ttf
copying file ./www/fonts/glyphicons-halflings-regular.woff ... 
2018-06-20 15:46:10 +0000  23424 bytes for ./www/fonts/glyphicons-halflings-regular.woff
copying file ./www/fonts/glyphicons-halflings-regular.woff2 ... 
18028 bytes for ./www/fonts/glyphicons-halflings-regular.woff2
copying file ./www/fonts/Rosario-Bold.ttf ... 
2018-06-20 15:46:10 +0000  42196 bytes for ./www/fonts/Rosario-Bold.ttf
copying file ./www/fonts/Rosario-BoldItalic.ttf ... 
2018-06-20 15:46:10 +0000  61548 bytes for ./www/fonts/Rosario-BoldItalic.ttf
copying file ./www/fonts/Rosario-Italic.ttf ... 
2018-06-20 15:46:10 +0000  60452 bytes for ./www/fonts/Rosario-Italic.ttf
2018-06-20 15:46:10 +0000  copying file ./www/fonts/Rosario-Regular.ttf ... 
2018-06-20 15:46:10 +0000  61508 bytes for ./www/fonts/Rosario-Regular.ttf
copying file ./www/forms/addressForm/addressForm.html ... 
2018-06-20 15:46:10 +0000  10015 bytes for ./www/forms/addressForm/addressForm.html
copying file ./www/forms/alarm_safetyForm/alarm_safetyForm.html ... 
2018-06-20 15:46:10 +0000  24234 bytes for ./www/forms/alarm_safetyForm/alarm_safetyForm.html
2018-06-20 15:46:10 +0000  copying file ./www/forms/cleaningForm/cleaningForm.html ... 
2018-06-20 15:46:10 +0000  25402 bytes for ./www/forms/cleaningForm/cleaningForm.html
2018-06-20 15:46:10 +0000  copying file ./www/forms/detector_safetyForm/detector_safetyForm.html ... 
2018-06-20 15:46:10 +0000  27671 bytes for ./www/forms/detector_safetyForm/detector_safetyForm.html
2018-06-20 15:46:10 +0000  copying file ./www/forms/fwdaddressForm/fwdaddressForm.html ... 
2018-06-20 15:46:10 +0000  7456 bytes for ./www/forms/fwdaddressForm/fwdaddressForm.html
2018-06-20 15:46:10 +0000  copying file ./www/forms/hmoForm/deleteHandler_hmo.html ... 
2018-06-20 15:46:10 +0000  1429 bytes for ./www/forms/hmoForm/deleteHandler_hmo.html
2018-06-20 15:46:10 +0000  copying file ./www/forms/hmoForm/formHandler_hmo.html ... 
2018-06-20 15:46:10 +0000  6928 bytes for ./www/forms/hmoForm/formHandler_hmo.html
2018-06-20 15:46:10 +0000  copying file ./www/forms/hmoForm/hmoForm.html ... 
2018-06-20 15:46:10 +0000  90183 bytes for ./www/forms/hmoForm/hmoForm.html
2018-06-20 15:46:10 +0000  copying file ./www/forms/hmoForm/js_ajaxDelete/ajaxDelete.js ... 
2018-06-20 15:46:10 +0000  870 bytes for ./www/forms/hmoForm/js_ajaxDelete/ajaxDelete.js
2018-06-20 15:46:10 +0000  copying file ./www/forms/hmoForm/js_formValues/formValues.js ... 
2018-06-20 15:46:10 +0000  4776 bytes for ./www/forms/hmoForm/js_formValues/formValues.js
2018-06-20 15:46:10 +0000  copying file ./www/forms/hmoForm/js_imageManage/imageManage.js ... 
2018-06-20 15:46:10 +0000  688 bytes for ./www/forms/hmoForm/js_imageManage/imageManage.js
2018-06-20 15:46:10 +0000  copying file ./www/forms/hmoForm/js_imageUpload/imageUpload.js ... 
2018-06-20 15:46:10 +0000  756 bytes for ./www/forms/hmoForm/js_imageUpload/imageUpload.js
2018-06-20 15:46:10 +0000  copying file ./www/forms/hmoForm/js_initialConfig/initialConfig.js ... 
2018-06-20 15:46:10 +0000  1897 bytes for ./www/forms/hmoForm/js_initialConfig/initialConfig.js
2018-06-20 15:46:10 +0000  copying file ./www/forms/hmoForm/js_line_item_object/lineItems.js ... 
2018-06-20 15:46:10 +0000  4255 bytes for ./www/forms/hmoForm/js_line_item_object/lineItems.js
2018-06-20 15:46:10 +0000  copying file ./www/forms/hmoForm/js_loggedonTest/loggedonTest.js ... 
2018-06-20 15:46:10 +0000  268 bytes for ./www/forms/hmoForm/js_loggedonTest/loggedonTest.js
2018-06-20 15:46:10 +0000  copying file ./www/forms/hmoForm/js_modalHelp/modalHelp.js ... 
2018-06-20 15:46:10 +0000  223 bytes for ./www/forms/hmoForm/js_modalHelp/modalHelp.js
2018-06-20 15:46:10 +0000  copying file ./www/forms/hmoForm/js_validateUpload/validateUpload.js ... 
1523 bytes for ./www/forms/hmoForm/js_validateUpload/validateUpload.js
2018-06-20 15:46:10 +0000  copying file ./www/forms/hmoForm/php_formSetUp/formSetUp.php ... 
2018-06-20 15:46:10 +0000  2725 bytes for ./www/forms/hmoForm/php_formSetUp/formSetUp.php
2018-06-20 15:46:10 +0000  copying file ./www/forms/hmoForm/update_hmo_form.html ... 
2018-06-20 15:46:10 +0000  1009 bytes for ./www/forms/hmoForm/update_hmo_form.html
2018-06-20 15:46:10 +0000  copying file ./www/forms/indexInspectionForm/inspection_form_index.html ... 
2018-06-20 15:46:10 +0000  8909 bytes for ./www/forms/indexInspectionForm/inspection_form_index.html
2018-06-20 15:46:10 +0000  copying file ./www/forms/indexInspectionForm/js_inspectFormIndex/iframeGenerate.js ... 
2018-06-20 15:46:10 +0000  2175 bytes for ./www/forms/indexInspectionForm/js_inspectFormIndex/iframeGenerate.js
copying file ./www/forms/indexInspectionForm/js_inspectFormIndex/initialView.js ... 
2018-06-20 15:46:10 +0000  316 bytes for ./www/forms/indexInspectionForm/js_inspectFormIndex/initialView.js
2018-06-20 15:46:10 +0000  copying file ./www/forms/indexInspectionForm/js_inspectFormIndex/menuForms.js ... 
2018-06-20 15:46:10 +0000  1190 bytes for ./www/forms/indexInspectionForm/js_inspectFormIndex/menuForms.js
2018-06-20 15:46:10 +0000  copying file ./www/forms/indexInspectionForm/js_inspectFormIndex/pushMenuConfig.js ... 
490 bytes for ./www/forms/indexInspectionForm/js_inspectFormIndex/pushMenuConfig.js
2018-06-20 15:46:10 +0000  copying file ./www/forms/inspectionForm/inspectionForm.html ... 
2018-06-20 15:46:10 +0000  2201 bytes for ./www/forms/inspectionForm/inspectionForm.html
copying file ./www/forms/inspectionForm/js_inspectionMenuForm/menuGenerate.js ... 
2018-06-20 15:46:10 +0000  8806 bytes for ./www/forms/inspectionForm/js_inspectionMenuForm/menuGenerate.js
copying file ./www/forms/inspectionForm/js_inspectionMenuForm/selectRoom.js ... 
2070 bytes for ./www/forms/inspectionForm/js_inspectionMenuForm/selectRoom.js
copying file ./www/forms/inventoryForm/inventoryForm.html ... 
3705 bytes for ./www/forms/inventoryForm/inventoryForm.html
copying file ./www/forms/inventoryForm/inventoryPropSpec.html ... 
2018-06-20 15:46:10 +0000  486 bytes for ./www/forms/inventoryForm/inventoryPropSpec.html
2018-06-20 15:46:10 +0000  copying file ./www/forms/inventoryForm/js_inventoryMenuForm/menuGenerate.js ... 
2018-06-20 15:46:10 +0000  8806 bytes for ./www/forms/inventoryForm/js_inventoryMenuForm/menuGenerate.js
copying file ./www/forms/inventoryForm/js_inventoryMenuForm/selectRoom.js ... 
2018-06-20 15:46:10 +0000  2777 bytes for ./www/forms/inventoryForm/js_inventoryMenuForm/selectRoom.js
2018-06-20 15:46:10 +0000  copying file ./www/forms/keysForm/keysForm.html ... 
2018-06-20 15:46:10 +0000  22195 bytes for ./www/forms/keysForm/keysForm.html
2018-06-20 15:46:10 +0000  copying file ./www/forms/restrictionsForm/restrictionsForm.html ... 
2018-06-20 15:46:10 +0000  23125 bytes for ./www/forms/restrictionsForm/restrictionsForm.html
2018-06-20 15:46:10 +0000  copying file ./www/forms/roomForm/deleteHandler_room.html ... 
2018-06-20 15:46:10 +0000  1258 bytes for ./www/forms/roomForm/deleteHandler_room.html
2018-06-20 15:46:10 +0000  copying file ./www/forms/roomForm/js_ajaxDelete/ajaxDelete.js ... 
2018-06-20 15:46:10 +0000  840 bytes for ./www/forms/roomForm/js_ajaxDelete/ajaxDelete.js
2018-06-20 15:46:10 +0000  copying file ./www/forms/roomForm/js_formValues/formValues.js ... 
2018-06-20 15:46:10 +0000  830 bytes for ./www/forms/roomForm/js_formValues/formValues.js
2018-06-20 15:46:10 +0000  copying file ./www/forms/roomForm/js_imageManage/imageManage.js ... 
2018-06-20 15:46:10 +0000  1344 bytes for ./www/forms/roomForm/js_imageManage/imageManage.js
2018-06-20 15:46:10 +0000  copying file ./www/forms/roomForm/js_imageUpload/imageUpload.js ... 
2018-06-20 15:46:10 +0000  678 bytes for ./www/forms/roomForm/js_imageUpload/imageUpload.js
2018-06-20 15:46:10 +0000  copying file ./www/forms/roomForm/js_inspection_objects/add_new_object_instruction.txt ... 
2018-06-20 15:46:10 +0000  1361 bytes for ./www/forms/roomForm/js_inspection_objects/add_new_object_instruction.txt
2018-06-20 15:46:10 +0000  copying file ./www/forms/roomForm/js_inspection_objects/bathobject.js ... 
2018-06-20 15:46:10 +0000  5965 bytes for ./www/forms/roomForm/js_inspection_objects/bathobject.js
copying file ./www/forms/roomForm/js_inspection_objects/ceilingobject.js ... 
2018-06-20 15:46:10 +0000  5871 bytes for ./www/forms/roomForm/js_inspection_objects/ceilingobject.js
copying file ./www/forms/roomForm/js_inspection_objects/cookerobject.js ... 
2018-06-20 15:46:10 +0000  5892 bytes for ./www/forms/roomForm/js_inspection_objects/cookerobject.js
copying file ./www/forms/roomForm/js_inspection_objects/doorsframesobject.js ... 
5938 bytes for ./www/forms/roomForm/js_inspection_objects/doorsframesobject.js
copying file ./www/forms/roomForm/js_inspection_objects/enclosureobject.js ... 
2018-06-20 15:46:10 +0000  12265 bytes for ./www/forms/roomForm/js_inspection_objects/enclosureobject.js
copying file ./www/forms/roomForm/js_inspection_objects/fixedObjects.js ... 
2018-06-20 15:46:10 +0000  173 bytes for ./www/forms/roomForm/js_inspection_objects/fixedObjects.js
2018-06-20 15:46:10 +0000  copying file ./www/forms/roomForm/js_inspection_objects/flooringobject.js ... 
2018-06-20 15:46:10 +0000  5881 bytes for ./www/forms/roomForm/js_inspection_objects/flooringobject.js
copying file ./www/forms/roomForm/js_inspection_objects/lawnobject.js ... 
2018-06-20 15:46:10 +0000  5842 bytes for ./www/forms/roomForm/js_inspection_objects/lawnobject.js
2018-06-20 15:46:10 +0000  copying file ./www/forms/roomForm/js_inspection_objects/lightingobject.js ... 
2018-06-20 15:46:10 +0000  5953 bytes for ./www/forms/roomForm/js_inspection_objects/lightingobject.js
copying file ./www/forms/roomForm/js_inspection_objects/patiodriveobject.js ... 
2018-06-20 15:46:10 +0000  5896 bytes for ./www/forms/roomForm/js_inspection_objects/patiodriveobject.js
2018-06-20 15:46:10 +0000  copying file ./www/forms/roomForm/js_inspection_objects/sanitoryobject.js ... 
2018-06-20 15:46:10 +0000  5878 bytes for ./www/forms/roomForm/js_inspection_objects/sanitoryobject.js
2018-06-20 15:46:10 +0000  copying file ./www/forms/roomForm/js_inspection_objects/shrubsobject.js ... 
2018-06-20 15:46:10 +0000  5860 bytes for ./www/forms/roomForm/js_inspection_objects/shrubsobject.js
2018-06-20 15:46:10 +0000  copying file ./www/forms/roomForm/js_inspection_objects/wallsobject.js ... 
2018-06-20 15:46:10 +0000  5900 bytes for ./www/forms/roomForm/js_inspection_objects/wallsobject.js
copying file ./www/forms/roomForm/js_inspection_objects/windowsobject.js ... 
2018-06-20 15:46:10 +0000  5894 bytes for ./www/forms/roomForm/js_inspection_objects/windowsobject.js
2018-06-20 15:46:10 +0000  copying file ./www/forms/roomForm/js_line_item_object/lineItems.js ... 
2018-06-20 15:46:10 +0000  6402 bytes for ./www/forms/roomForm/js_line_item_object/lineItems.js
2018-06-20 15:46:10 +0000  copying file ./www/forms/roomForm/js_loggedonTest/loggedonTest.js ... 
2018-06-20 15:46:10 +0000  268 bytes for ./www/forms/roomForm/js_loggedonTest/loggedonTest.js
2018-06-20 15:46:10 +0000  copying file ./www/forms/roomForm/js_modalHelp/modalHelp.js ... 
2018-06-20 15:46:10 +0000  223 bytes for ./www/forms/roomForm/js_modalHelp/modalHelp.js
2018-06-20 15:46:10 +0000  copying file ./www/forms/roomForm/js_roomGroups/room_groups.js ... 
2018-06-20 15:46:10 +0000  1034 bytes for ./www/forms/roomForm/js_roomGroups/room_groups.js
2018-06-20 15:46:10 +0000  copying file ./www/forms/roomForm/js_urlParams/urlParams.js ... 
1638 bytes for ./www/forms/roomForm/js_urlParams/urlParams.js
2018-06-20 15:46:10 +0000  copying file ./www/forms/roomForm/js_validateUpload/validateUpload.js ... 
2018-06-20 15:46:10 +0000  4429 bytes for ./www/forms/roomForm/js_validateUpload/validateUpload.js
copying file ./www/forms/roomForm/php_formSetUp/formSetUp.php ... 
2018-06-20 15:46:10 +0000  7182 bytes for ./www/forms/roomForm/php_formSetUp/formSetUp.php
2018-06-20 15:46:10 +0000  copying file ./www/forms/roomForm/roomForm.html ... 
2018-06-20 15:46:10 +0000  30514 bytes for ./www/forms/roomForm/roomForm.html
2018-06-20 15:46:10 +0000  copying file ./www/forms/roomForm/update_room_form.html ... 
2018-06-20 15:46:10 +0000  952 bytes for ./www/forms/roomForm/update_room_form.html
2018-06-20 15:46:10 +0000  copying file ./www/forms/safety_certsForm/safety_certsForm.html ... 
2018-06-20 15:46:10 +0000  25038 bytes for ./www/forms/safety_certsForm/safety_certsForm.html
2018-06-20 15:46:10 +0000  copying file ./www/forms/servicesForm/servicesForm.html ... 
2018-06-20 15:46:10 +0000  26217 bytes for ./www/forms/servicesForm/servicesForm.html
2018-06-20 15:46:10 +0000  copying file ./www/forms/utilitiesForm/utilitiesForm.html ... 
2018-06-20 15:46:10 +0000  19004 bytes for ./www/forms/utilitiesForm/utilitiesForm.html
copying file ./www/forms/weatherForm/weatherForm.html ... 
2018-06-20 15:46:10 +0000  14207 bytes for ./www/forms/weatherForm/weatherForm.html
2018-06-20 15:46:10 +0000  copying file ./www/img/csscheckbox_391ce065f36b1460c4845fa9b5173fba.png ... 
2018-06-20 15:46:10 +0000  1514 bytes for ./www/img/csscheckbox_391ce065f36b1460c4845fa9b5173fba.png
2018-06-20 15:46:10 +0000  copying file ./www/img/csscheckbox_5a1f35c674e05f90728a036a5a666a30.png ... 
2018-06-20 15:46:10 +0000  667 bytes for ./www/img/csscheckbox_5a1f35c674e05f90728a036a5a666a30.png
2018-06-20 15:46:10 +0000  copying file ./www/img/csscheckbox_db90a821b8d1c3cc963948854fe8ce92.png ... 
2018-06-20 15:46:10 +0000  1191 bytes for ./www/img/csscheckbox_db90a821b8d1c3cc963948854fe8ce92.png
copying file ./www/img/house-placeholder.jpg ... 
2018-06-20 15:46:10 +0000  67384 bytes for ./www/img/house-placeholder.jpg
copying file ./www/img/logo.png ... 
2018-06-20 15:46:10 +0000  21814 bytes for ./www/img/logo.png
2018-06-20 15:46:10 +0000  copying file ./www/img/map-with-placeholder_318-49647.jpg ... 
2018-06-20 15:46:10 +0000  31589 bytes for ./www/img/map-with-placeholder_318-49647.jpg
copying file ./www/index.html ... 
2018-06-20 15:46:10 +0000  2677 bytes for ./www/index.html
copying file ./www/index_js.html ... 
2018-06-20 15:46:10 +0000  9684 bytes for ./www/index_js.html
2018-06-20 15:46:10 +0000  copying file ./www/index_old.html ... 
2018-06-20 15:46:10 +0000  2513 bytes for ./www/index_old.html
copying file ./www/js/app.js ... 
2018-06-20 15:46:10 +0000  310008 bytes for ./www/js/app.js
2018-06-20 15:46:10 +0000  copying file ./www/js/app_config.js ... 
2018-06-20 15:46:10 +0000  993 bytes for ./www/js/app_config.js
copying file ./www/js/app_iframe.js ... 
2018-06-20 15:46:10 +0000  0 bytes for ./www/js/app_iframe.js
copying file ./www/js/forms/addressForm.js ... 
2018-06-20 15:46:10 +0000  3566 bytes for ./www/js/forms/addressForm.js
2018-06-20 15:46:10 +0000  copying file ./www/js/forms/alarm_safetyForm.js ... 
2018-06-20 15:46:10 +0000  9673 bytes for ./www/js/forms/alarm_safetyForm.js
copying file ./www/js/forms/cleaningForm.js ... 
6474 bytes for ./www/js/forms/cleaningForm.js
copying file ./www/js/forms/detector_safetyForm.js ... 
2018-06-20 15:46:10 +0000  10359 bytes for ./www/js/forms/detector_safetyForm.js
2018-06-20 15:46:10 +0000  copying file ./www/js/forms/fwdaddressForm.js ... 
2018-06-20 15:46:10 +0000  3775 bytes for ./www/js/forms/fwdaddressForm.js
copying file ./www/js/forms/inventoryForm.js ... 
2018-06-20 15:46:10 +0000  1522 bytes for ./www/js/forms/inventoryForm.js
2018-06-20 15:46:10 +0000  copying file ./www/js/forms/keysForm.js ... 
2018-06-20 15:46:10 +0000  5312 bytes for ./www/js/forms/keysForm.js
copying file ./www/js/forms/restrictionsForm.js ... 
7327 bytes for ./www/js/forms/restrictionsForm.js
copying file ./www/js/forms/safety_certsForm.js ... 
6865 bytes for ./www/js/forms/safety_certsForm.js
copying file ./www/js/forms/servicesForm.js ... 
2018-06-20 15:46:10 +0000  6162 bytes for ./www/js/forms/servicesForm.js
copying file ./www/js/forms/utilitiesForm.js ... 
2018-06-20 15:46:10 +0000  9395 bytes for ./www/js/forms/utilitiesForm.js
copying file ./www/js/forms/weatherForm.js ... 
2018-06-20 15:46:10 +0000  6195 bytes for ./www/js/forms/weatherForm.js
2018-06-20 15:46:10 +0000  copying file ./www/js/forms_setup.js ... 
2018-06-20 15:46:10 +0000  484 bytes for ./www/js/forms_setup.js
2018-06-20 15:46:10 +0000  copying file ./www/js/frameworks/_fastclick.js ... 
2018-06-20 15:46:10 +0000  27473 bytes for ./www/js/frameworks/_fastclick.js
copying file ./www/js/frameworks/bootstrap.min.js ... 
2018-06-20 15:46:10 +0000  36816 bytes for ./www/js/frameworks/bootstrap.min.js
2018-06-20 15:46:10 +0000  copying file ./www/js/frameworks/jquery-3.3.1.min.js ... 
2018-06-20 15:46:10 +0000  86927 bytes for ./www/js/frameworks/jquery-3.3.1.min.js
2018-06-20 15:46:10 +0000  copying file ./www/js/frameworks/jquery.serialize-object.js ... 
2018-06-20 15:46:10 +0000  3389 bytes for ./www/js/frameworks/jquery.serialize-object.js
2018-06-20 15:46:10 +0000  copying file ./www/js/frameworks/jquery.serializejson.min.js ... 
2018-06-20 15:46:10 +0000  5621 bytes for ./www/js/frameworks/jquery.serializejson.min.js
2018-06-20 15:46:10 +0000  copying file ./www/js/index.js ... 
2018-06-20 15:46:10 +0000  1664 bytes for ./www/js/index.js
2018-06-20 15:46:10 +0000  copying file ./www/js/web_version/jquery.form-validator.js ... 
2018-06-20 15:46:10 +0000  76822 bytes for ./www/js/web_version/jquery.form-validator.js
copying file ./www/js/web_version/pushmenu.js ... 
2018-06-20 15:46:10 +0000  4804 bytes for ./www/js/web_version/pushmenu.js
2018-06-20 15:46:10 +0000  copying file ./www/js/web_version/pushmenu_options.js ... 
2018-06-20 15:46:10 +0000  1806 bytes for ./www/js/web_version/pushmenu_options.js
2018-06-20 15:46:10 +0000  copying file ./www/plugins/cordova-plugin-camera/www/Camera.js ... 
2018-06-20 15:46:10 +0000  7995 bytes for ./www/plugins/cordova-plugin-camera/www/Camera.js
2018-06-20 15:46:10 +0000  copying file ./www/plugins/cordova-plugin-camera/www/CameraConstants.js ... 
2018-06-20 15:46:10 +0000  3488 bytes for ./www/plugins/cordova-plugin-camera/www/CameraConstants.js
2018-06-20 15:46:10 +0000  copying file ./www/plugins/cordova-plugin-camera/www/CameraPopoverOptions.js ... 
2018-06-20 15:46:10 +0000  2296 bytes for ./www/plugins/cordova-plugin-camera/www/CameraPopoverOptions.js
2018-06-20 15:46:10 +0000  copying file ./www/plugins/cordova-plugin-camera/www/ios/CameraPopoverHandle.js ... 
2018-06-20 15:46:10 +0000  2271 bytes for ./www/plugins/cordova-plugin-camera/www/ios/CameraPopoverHandle.js
2018-06-20 15:46:10 +0000  copying file ./www/plugins/cordova-plugin-device/www/device.js ... 
2018-06-20 15:46:10 +0000  3070 bytes for ./www/plugins/cordova-plugin-device/www/device.js
2018-06-20 15:46:10 +0000  copying file ./www/plugins/cordova-plugin-dialogs/www/notification.js ... 
2018-06-20 15:46:10 +0000  6013 bytes for ./www/plugins/cordova-plugin-dialogs/www/notification.js
2018-06-20 15:46:10 +0000  copying file ./www/plugins/cordova-plugin-file/www/browser/isChrome.js ... 
2018-06-20 15:46:10 +0000  1232 bytes for ./www/plugins/cordova-plugin-file/www/browser/isChrome.js
2018-06-20 15:46:10 +0000  copying file ./www/plugins/cordova-plugin-file/www/DirectoryEntry.js ... 
2018-06-20 15:46:10 +0000  4681 bytes for ./www/plugins/cordova-plugin-file/www/DirectoryEntry.js
2018-06-20 15:46:10 +0000  copying file ./www/plugins/cordova-plugin-file/www/DirectoryReader.js ... 
2018-06-20 15:46:10 +0000  2724 bytes for ./www/plugins/cordova-plugin-file/www/DirectoryReader.js
2018-06-20 15:46:10 +0000  copying file ./www/plugins/cordova-plugin-file/www/Entry.js ... 
2018-06-20 15:46:10 +0000  9869 bytes for ./www/plugins/cordova-plugin-file/www/Entry.js
2018-06-20 15:46:10 +0000  copying file ./www/plugins/cordova-plugin-file/www/File.js ... 
2018-06-20 15:46:10 +0000  2714 bytes for ./www/plugins/cordova-plugin-file/www/File.js
2018-06-20 15:46:10 +0000  copying file ./www/plugins/cordova-plugin-file/www/FileEntry.js ... 
2018-06-20 15:46:10 +0000  3423 bytes for ./www/plugins/cordova-plugin-file/www/FileEntry.js
2018-06-20 15:46:10 +0000  copying file ./www/plugins/cordova-plugin-file/www/FileError.js ... 
2018-06-20 15:46:10 +0000  1483 bytes for ./www/plugins/cordova-plugin-file/www/FileError.js
2018-06-20 15:46:10 +0000  copying file ./www/plugins/cordova-plugin-file/www/FileReader.js ... 
10523 bytes for ./www/plugins/cordova-plugin-file/www/FileReader.js
copying file ./www/plugins/cordova-plugin-file/www/FileSystem.js ... 
2018-06-20 15:46:10 +0000  1960 bytes for ./www/plugins/cordova-plugin-file/www/FileSystem.js
copying file ./www/plugins/cordova-plugin-file/www/fileSystemPaths.js ... 
2018-06-20 15:46:10 +0000  2548 bytes for ./www/plugins/cordova-plugin-file/www/fileSystemPaths.js
copying file ./www/plugins/cordova-plugin-file/www/fileSystems-roots.js ... 
2018-06-20 15:46:10 +0000  1598 bytes for ./www/plugins/cordova-plugin-file/www/fileSystems-roots.js
copying file ./www/plugins/cordova-plugin-file/www/fileSystems.js ... 
1047 bytes for ./www/plugins/cordova-plugin-file/www/fileSystems.js
copying file ./www/plugins/cordova-plugin-file/www/FileUploadOptions.js ... 
1831 bytes for ./www/plugins/cordova-plugin-file/www/FileUploadOptions.js
copying file ./www/plugins/cordova-plugin-file/www/FileUploadResult.js ... 
1111 bytes for ./www/plugins/cordova-plugin-file/www/FileUploadResult.js
copying file ./www/plugins/cordova-plugin-file/www/FileWriter.js ... 
2018-06-20 15:46:10 +0000  10544 bytes for ./www/plugins/cordova-plugin-file/www/FileWriter.js
copying file ./www/plugins/cordova-plugin-file/www/Flags.js ... 
2018-06-20 15:46:10 +0000  1336 bytes for ./www/plugins/cordova-plugin-file/www/Flags.js
copying file ./www/plugins/cordova-plugin-file/www/ios/FileSystem.js ... 
2018-06-20 15:46:10 +0000  1222 bytes for ./www/plugins/cordova-plugin-file/www/ios/FileSystem.js
copying file ./www/plugins/cordova-plugin-file/www/LocalFileSystem.js ... 
2018-06-20 15:46:10 +0000  957 bytes for ./www/plugins/cordova-plugin-file/www/LocalFileSystem.js
copying file ./www/plugins/cordova-plugin-file/www/Metadata.js ... 
2018-06-20 15:46:10 +0000  1488 bytes for ./www/plugins/cordova-plugin-file/www/Metadata.js
copying file ./www/plugins/cordova-plugin-file/www/ProgressEvent.js ... 
2544 bytes for ./www/plugins/cordova-plugin-file/www/ProgressEvent.js
copying file ./www/plugins/cordova-plugin-file/www/requestFileSystem.js ... 
2018-06-20 15:46:10 +0000  3244 bytes for ./www/plugins/cordova-plugin-file/www/requestFileSystem.js
copying file ./www/plugins/cordova-plugin-file/www/resolveLocalFileSystemURI.js ... 
2018-06-20 15:46:10 +0000  4325 bytes for ./www/plugins/cordova-plugin-file/www/resolveLocalFileSystemURI.js
copying file ./www/plugins/cordova-plugin-inappbrowser/www/inappbrowser.js ... 
4485 bytes for ./www/plugins/cordova-plugin-inappbrowser/www/inappbrowser.js
2018-06-20 15:46:10 +0000  copying file ./www/plugins/cordova-plugin-network-information/www/Connection.js ... 
2018-06-20 15:46:10 +0000  1132 bytes for ./www/plugins/cordova-plugin-network-information/www/Connection.js
copying file ./www/plugins/cordova-plugin-network-information/www/network.js ... 
2018-06-20 15:46:10 +0000  3369 bytes for ./www/plugins/cordova-plugin-network-information/www/network.js
2018-06-20 15:46:10 +0000  copying file ./www/plugins/cordova-plugin-statusbar/www/statusbar.js ... 
2018-06-20 15:46:10 +0000  3376 bytes for ./www/plugins/cordova-plugin-statusbar/www/statusbar.js
2018-06-20 15:46:10 +0000  2018-06-20 15:46:10 +0000  /usr/bin/ditto exited with 0

2018-06-20 15:46:10 +0000  Processing step: IDEDistributionEmbedProfileStep
2018-06-20 15:46:10 +0000  
2018-06-20 15:46:10 +0000  Processing step: IDEDistributionAppThinningPlistStep
2018-06-20 15:46:10 +0000  Skipping step: IDEDistributionAppThinningPlistStep because it said so
2018-06-20 15:46:10 +0000  Processing step: IDEDistributionCompileBitcodeStep
2018-06-20 15:46:10 +0000  Skipping step: IDEDistributionCompileBitcodeStep because it said so
2018-06-20 15:46:10 +0000  Processing step: IDEDistributionCodeSlimmingStep
2018-06-20 15:46:10 +0000  Processing step: IDEDistributionCopyBCSymbolMapsStep
2018-06-20 15:46:10 +0000  Skipping step: IDEDistributionCopyBCSymbolMapsStep because it said so
2018-06-20 15:46:10 +0000  Processing step: IDEDistributionSymbolsStep
2018-06-20 15:46:10 +0000  Skipping step: IDEDistributionSymbolsStep because it said so
2018-06-20 15:46:10 +0000  Processing step: IDEDistributionAppThinningStep
2018-06-20 15:46:10 +0000  Skipping step: IDEDistributionAppThinningStep because it said so
2018-06-20 15:46:10 +0000  Processing step: IDEDistributionODRStep
2018-06-20 15:46:10 +0000  Processing step: IDEDistributionStripXattrsStep
2018-06-20 15:46:10 +0000  Running /usr/bin/xattr '-crs' '/var/folders/ft/nf19_ybd3yv99h5q651p0_n80000gn/T/XcodeDistPipeline.Spe/Root/Payload/ShootSharksDemo.app'
2018-06-20 15:46:10 +0000  
2018-06-20 15:46:10 +0000  2018-06-20 15:46:10 +0000  /usr/bin/xattr exited with 0

2018-06-20 15:46:10 +0000  
2018-06-20 15:46:10 +0000  Processing step: IDEDistributionCodesignStep
2018-06-20 15:46:10 +0000  Entitlements for <IDEDistributionItem: 0x7f8e52160940 'com.shootinsharks.NCV' '<DVTFilePath:0x7f8e4faeca50:'/Users/jinfeishi/Library/Developer/Xcode/Archives/2018-06-20/ShootSharksDemo 20-06-2018, 16.21.xcarchive/Products/Applications/ShootSharksDemo.app'>'>: {
    "application-identifier" = "BS94KU7P4Q.com.shootinsharks.NCV";
    "com.apple.developer.team-identifier" = BS94KU7P4Q;
    "get-task-allow" = 0;
}
2018-06-20 15:46:10 +0000  Writing entitlements for <IDEDistributionItem: 0x7f8e52160940 'com.shootinsharks.NCV' '<DVTFilePath:0x7f8e4faeca50:'/Users/jinfeishi/Library/Developer/Xcode/Archives/2018-06-20/ShootSharksDemo 20-06-2018, 16.21.xcarchive/Products/Applications/ShootSharksDemo.app'>'> to: /var/folders/ft/nf19_ybd3yv99h5q651p0_n80000gn/T/XcodeDistPipeline.Spe/entitlementsxAecza
2018-06-20 15:46:10 +0000  Running /usr/bin/codesign '-vvv' '--force' '--sign' 'F9B214661F8BA726167FCAB8C86FDF897D382F51' '--preserve-metadata=identifier,flags' '--entitlements' '/var/folders/ft/nf19_ybd3yv99h5q651p0_n80000gn/T/XcodeDistPipeline.Spe/entitlementsxAecza' '/var/folders/ft/nf19_ybd3yv99h5q651p0_n80000gn/T/XcodeDistPipeline.Spe/Root/Payload/ShootSharksDemo.app'
2018-06-20 15:46:10 +0000  /var/folders/ft/nf19_ybd3yv99h5q651p0_n80000gn/T/XcodeDistPipeline.Spe/Root/Payload/ShootSharksDemo.app: replacing existing signature
2018-06-20 15:46:10 +0000  /var/folders/ft/nf19_ybd3yv99h5q651p0_n80000gn/T/XcodeDistPipeline.Spe/Root/Payload/ShootSharksDemo.app: signed app bundle with Mach-O universal (armv7 arm64) [com.shootinsharks.NCV]
2018-06-20 15:46:10 +0000  
2018-06-20 15:46:10 +0000  
2018-06-20 15:46:10 +0000  
2018-06-20 15:46:10 +0000  2018-06-20 15:46:10 +0000  /usr/bin/codesign exited with 0

2018-06-20 15:46:10 +0000  
2018-06-20 15:46:10 +0000  Processing step: IDEDistributionStreamingZipItemStep
2018-06-20 15:46:10 +0000  Skipping step: IDEDistributionStreamingZipItemStep because it said so
2018-06-20 15:46:10 +0000  Processing step: IDEDistributionCreateIPAStep
2018-06-20 15:46:10 +0000  Running /usr/bin/ditto '-V' '-c' '-k' '--norsrc' '/var/folders/ft/nf19_ybd3yv99h5q651p0_n80000gn/T/XcodeDistPipeline.Spe/Root' '/var/folders/ft/nf19_ybd3yv99h5q651p0_n80000gn/T/XcodeDistPipeline.Spe/Packages/ShootSharksDemo.ipa'
2018-06-20 15:46:10 +0000  >>> Copying /var/folders/ft/nf19_ybd3yv99h5q651p0_n80000gn/T/XcodeDistPipeline.Spe/Root 
2018-06-20 15:46:10 +0000  copying file ./Payload/ShootSharksDemo.app/_CodeSignature/CodeResources ... 
2018-06-20 15:46:10 +0000  72683 bytes for ./Payload/ShootSharksDemo.app/_CodeSignature/CodeResources
2018-06-20 15:46:10 +0000  copying file ./Payload/ShootSharksDemo.app/AppIcon29x29.png ... 
3349 bytes for ./Payload/ShootSharksDemo.app/AppIcon29x29.png
copying file ./Payload/ShootSharksDemo.app/AppIcon29x29@2x.png ... 
2018-06-20 15:46:10 +0000  6585 bytes for ./Payload/ShootSharksDemo.app/AppIcon29x29@2x.png
copying file ./Payload/ShootSharksDemo.app/AppIcon29x29@2x~ipad.png ... 
2018-06-20 15:46:10 +0000  6585 bytes for ./Payload/ShootSharksDemo.app/AppIcon29x29@2x~ipad.png
copying file ./Payload/ShootSharksDemo.app/AppIcon29x29@3x.png ... 
2018-06-20 15:46:10 +0000  9082 bytes for ./Payload/ShootSharksDemo.app/AppIcon29x29@3x.png
2018-06-20 15:46:10 +0000  copying file ./Payload/ShootSharksDemo.app/AppIcon29x29~ipad.png ... 
3349 bytes for ./Payload/ShootSharksDemo.app/AppIcon29x29~ipad.png
copying file ./Payload/ShootSharksDemo.app/AppIcon40x40@2x.png ... 
2018-06-20 15:46:10 +0000  8883 bytes for ./Payload/ShootSharksDemo.app/AppIcon40x40@2x.png
2018-06-20 15:46:10 +0000  copying file ./Payload/ShootSharksDemo.app/AppIcon40x40@2x~ipad.png ... 
8883 bytes for ./Payload/ShootSharksDemo.app/AppIcon40x40@2x~ipad.png
copying file ./Payload/ShootSharksDemo.app/AppIcon40x40@3x.png ... 
2018-06-20 15:46:10 +0000  14152 bytes for ./Payload/ShootSharksDemo.app/AppIcon40x40@3x.png
2018-06-20 15:46:10 +0000  copying file ./Payload/ShootSharksDemo.app/AppIcon40x40~ipad.png ... 
4450 bytes for ./Payload/ShootSharksDemo.app/AppIcon40x40~ipad.png
copying file ./Payload/ShootSharksDemo.app/AppIcon50x50@2x~ipad.png ... 
2018-06-20 15:46:10 +0000  11331 bytes for ./Payload/ShootSharksDemo.app/AppIcon50x50@2x~ipad.png
2018-06-20 15:46:10 +0000  copying file ./Payload/ShootSharksDemo.app/AppIcon50x50~ipad.png ... 
5557 bytes for ./Payload/ShootSharksDemo.app/AppIcon50x50~ipad.png
copying file ./Payload/ShootSharksDemo.app/AppIcon57x57.png ... 
2018-06-20 15:46:10 +0000  5977 bytes for ./Payload/ShootSharksDemo.app/AppIcon57x57.png
copying file ./Payload/ShootSharksDemo.app/AppIcon57x57@2x.png ... 
2018-06-20 15:46:10 +0000  13012 bytes for ./Payload/ShootSharksDemo.app/AppIcon57x57@2x.png
2018-06-20 15:46:10 +0000  copying file ./Payload/ShootSharksDemo.app/AppIcon60x60@2x.png ... 
2018-06-20 15:46:10 +0000  14152 bytes for ./Payload/ShootSharksDemo.app/AppIcon60x60@2x.png
2018-06-20 15:46:10 +0000  copying file ./Payload/ShootSharksDemo.app/AppIcon60x60@3x.png ... 
2018-06-20 15:46:10 +0000  33390 bytes for ./Payload/ShootSharksDemo.app/AppIcon60x60@3x.png
2018-06-20 15:46:10 +0000  copying file ./Payload/ShootSharksDemo.app/AppIcon72x72@2x~ipad.png ... 
2018-06-20 15:46:10 +0000  17926 bytes for ./Payload/ShootSharksDemo.app/AppIcon72x72@2x~ipad.png
copying file ./Payload/ShootSharksDemo.app/AppIcon72x72~ipad.png ... 
2018-06-20 15:46:10 +0000  8045 bytes for ./Payload/ShootSharksDemo.app/AppIcon72x72~ipad.png
2018-06-20 15:46:10 +0000  copying file ./Payload/ShootSharksDemo.app/AppIcon76x76@2x~ipad.png ... 
2018-06-20 15:46:10 +0000  16629 bytes for ./Payload/ShootSharksDemo.app/AppIcon76x76@2x~ipad.png
2018-06-20 15:46:10 +0000  copying file ./Payload/ShootSharksDemo.app/AppIcon76x76~ipad.png ... 
8463 bytes for ./Payload/ShootSharksDemo.app/AppIcon76x76~ipad.png
copying file ./Payload/ShootSharksDemo.app/AppIcon83.5x83.5@2x~ipad.png ... 
2018-06-20 15:46:10 +0000  28234 bytes for ./Payload/ShootSharksDemo.app/AppIcon83.5x83.5@2x~ipad.png
copying file ./Payload/ShootSharksDemo.app/Assets.car ... 
2018-06-20 15:46:10 +0000  212216 bytes for ./Payload/ShootSharksDemo.app/Assets.car
2018-06-20 15:46:10 +0000  copying file ./Payload/ShootSharksDemo.app/CDVLaunchScreen.storyboardc/01J-lp-oVM-view-Ze5-6b-2t3.nib ... 
2284 bytes for ./Payload/ShootSharksDemo.app/CDVLaunchScreen.storyboardc/01J-lp-oVM-view-Ze5-6b-2t3.nib
copying file ./Payload/ShootSharksDemo.app/CDVLaunchScreen.storyboardc/Info.plist ... 
258 bytes for ./Payload/ShootSharksDemo.app/CDVLaunchScreen.storyboardc/Info.plist
copying file ./Payload/ShootSharksDemo.app/CDVLaunchScreen.storyboardc/UIViewController-01J-lp-oVM.nib ... 
832 bytes for ./Payload/ShootSharksDemo.app/CDVLaunchScreen.storyboardc/UIViewController-01J-lp-oVM.nib
copying file ./Payload/ShootSharksDemo.app/CDVNotification.bundle/beep.wav ... 
2018-06-20 15:46:10 +0000  8114 bytes for ./Payload/ShootSharksDemo.app/CDVNotification.bundle/beep.wav
copying file ./Payload/ShootSharksDemo.app/config.xml ... 
2018-06-20 15:46:10 +0000  3427 bytes for ./Payload/ShootSharksDemo.app/config.xml
copying file ./Payload/ShootSharksDemo.app/embedded.mobileprovision ... 
2018-06-20 15:46:10 +0000  8069 bytes for ./Payload/ShootSharksDemo.app/embedded.mobileprovision
copying file ./Payload/ShootSharksDemo.app/Info.plist ... 
2010 bytes for ./Payload/ShootSharksDemo.app/Info.plist
copying file ./Payload/ShootSharksDemo.app/LaunchImage-568h@2x.png ... 
2018-06-20 15:46:10 +0000  61990 bytes for ./Payload/ShootSharksDemo.app/LaunchImage-568h@2x.png
copying file ./Payload/ShootSharksDemo.app/LaunchImage-700-568h@2x.png ... 
2018-06-20 15:46:10 +0000  61990 bytes for ./Payload/ShootSharksDemo.app/LaunchImage-700-568h@2x.png
copying file ./Payload/ShootSharksDemo.app/LaunchImage-700-Landscape@2x~ipad.png ... 
2018-06-20 15:46:10 +0000  161722 bytes for ./Payload/ShootSharksDemo.app/LaunchImage-700-Landscape@2x~ipad.png
copying file ./Payload/ShootSharksDemo.app/LaunchImage-700-Landscape~ipad.png ... 
2018-06-20 15:46:10 +0000  76512 bytes for ./Payload/ShootSharksDemo.app/LaunchImage-700-Landscape~ipad.png
2018-06-20 15:46:10 +0000  copying file ./Payload/ShootSharksDemo.app/LaunchImage-700-Portrait@2x~ipad.png ... 
2018-06-20 15:46:10 +0000  154923 bytes for ./Payload/ShootSharksDemo.app/LaunchImage-700-Portrait@2x~ipad.png
2018-06-20 15:46:10 +0000  copying file ./Payload/ShootSharksDemo.app/LaunchImage-700-Portrait~ipad.png ... 
2018-06-20 15:46:10 +0000  74890 bytes for ./Payload/ShootSharksDemo.app/LaunchImage-700-Portrait~ipad.png
2018-06-20 15:46:10 +0000  copying file ./Payload/ShootSharksDemo.app/LaunchImage-700@2x.png ... 
2018-06-20 15:46:10 +0000  55319 bytes for ./Payload/ShootSharksDemo.app/LaunchImage-700@2x.png
2018-06-20 15:46:10 +0000  copying file ./Payload/ShootSharksDemo.app/LaunchImage-800-667h@2x.png ... 
2018-06-20 15:46:10 +0000  52100 bytes for ./Payload/ShootSharksDemo.app/LaunchImage-800-667h@2x.png
2018-06-20 15:46:10 +0000  copying file ./Payload/ShootSharksDemo.app/LaunchImage-800-Landscape-736h@3x.png ... 
2018-06-20 15:46:10 +0000  63597 bytes for ./Payload/ShootSharksDemo.app/LaunchImage-800-Landscape-736h@3x.png
2018-06-20 15:46:10 +0000  copying file ./Payload/ShootSharksDemo.app/LaunchImage-800-Portrait-736h@3x.png ... 
2018-06-20 15:46:10 +0000  62285 bytes for ./Payload/ShootSharksDemo.app/LaunchImage-800-Portrait-736h@3x.png
2018-06-20 15:46:10 +0000  copying file ./Payload/ShootSharksDemo.app/LaunchImage-Landscape@2x~ipad.png ... 
2018-06-20 15:46:10 +0000  161722 bytes for ./Payload/ShootSharksDemo.app/LaunchImage-Landscape@2x~ipad.png
2018-06-20 15:46:10 +0000  copying file ./Payload/ShootSharksDemo.app/LaunchImage-Landscape~ipad.png ... 
2018-06-20 15:46:10 +0000  76512 bytes for ./Payload/ShootSharksDemo.app/LaunchImage-Landscape~ipad.png
2018-06-20 15:46:10 +0000  copying file ./Payload/ShootSharksDemo.app/LaunchImage-Portrait@2x~ipad.png ... 
2018-06-20 15:46:10 +0000  154923 bytes for ./Payload/ShootSharksDemo.app/LaunchImage-Portrait@2x~ipad.png
2018-06-20 15:46:10 +0000  copying file ./Payload/ShootSharksDemo.app/LaunchImage-Portrait~ipad.png ... 
2018-06-20 15:46:10 +0000  74890 bytes for ./Payload/ShootSharksDemo.app/LaunchImage-Portrait~ipad.png
2018-06-20 15:46:10 +0000  copying file ./Payload/ShootSharksDemo.app/LaunchImage.png ... 
2018-06-20 15:46:10 +0000  20021 bytes for ./Payload/ShootSharksDemo.app/LaunchImage.png
copying file ./Payload/ShootSharksDemo.app/LaunchImage@2x.png ... 
2018-06-20 15:46:10 +0000  55319 bytes for ./Payload/ShootSharksDemo.app/LaunchImage@2x.png
copying file ./Payload/ShootSharksDemo.app/MainViewController.nib ... 
2018-06-20 15:46:10 +0000  943 bytes for ./Payload/ShootSharksDemo.app/MainViewController.nib
copying file ./Payload/ShootSharksDemo.app/PkgInfo ... 
8 bytes for ./Payload/ShootSharksDemo.app/PkgInfo
copying file ./Payload/ShootSharksDemo.app/ShootSharksDemo ... 
2018-06-20 15:46:10 +0000  793568 bytes for ./Payload/ShootSharksDemo.app/ShootSharksDemo
2018-06-20 15:46:10 +0000  copying file ./Payload/ShootSharksDemo.app/www/cordova-js-src/exec.js ... 
2018-06-20 15:46:10 +0000  8877 bytes for ./Payload/ShootSharksDemo.app/www/cordova-js-src/exec.js
copying file ./Payload/ShootSharksDemo.app/www/cordova-js-src/platform.js ... 
1168 bytes for ./Payload/ShootSharksDemo.app/www/cordova-js-src/platform.js
copying file ./Payload/ShootSharksDemo.app/www/cordova-js-src/plugin/ios/console.js ... 
2018-06-20 15:46:10 +0000  6822 bytes for ./Payload/ShootSharksDemo.app/www/cordova-js-src/plugin/ios/console.js
copying file ./Payload/ShootSharksDemo.app/www/cordova-js-src/plugin/ios/logger.js ... 
10233 bytes for ./Payload/ShootSharksDemo.app/www/cordova-js-src/plugin/ios/logger.js
2018-06-20 15:46:10 +0000  copying file ./Payload/ShootSharksDemo.app/www/cordova.js ... 
2018-06-20 15:46:10 +0000  78044 bytes for ./Payload/ShootSharksDemo.app/www/cordova.js
copying file ./Payload/ShootSharksDemo.app/www/cordova_plugins.js ... 
2018-06-20 15:46:10 +0000  7244 bytes for ./Payload/ShootSharksDemo.app/www/cordova_plugins.js
copying file ./Payload/ShootSharksDemo.app/www/css/app.css ... 
1709 bytes for ./Payload/ShootSharksDemo.app/www/css/app.css
copying file ./Payload/ShootSharksDemo.app/www/css/bootstrap.min.css ... 
2018-06-20 15:46:10 +0000  122540 bytes for ./Payload/ShootSharksDemo.app/www/css/bootstrap.min.css
2018-06-20 15:46:10 +0000  copying file ./Payload/ShootSharksDemo.app/www/css/font-awesome.css ... 
2018-06-20 15:46:10 +0000  21657 bytes for ./Payload/ShootSharksDemo.app/www/css/font-awesome.css
copying file ./Payload/ShootSharksDemo.app/www/css/index.css ... 
2018-06-20 15:46:10 +0000  3719 bytes for ./Payload/ShootSharksDemo.app/www/css/index.css
copying file ./Payload/ShootSharksDemo.app/www/css/web_version/checkbox-style.css ... 
2018-06-20 15:46:10 +0000  1029 bytes for ./Payload/ShootSharksDemo.app/www/css/web_version/checkbox-style.css
copying file ./Payload/ShootSharksDemo.app/www/css/web_version/font-awesome.css ... 
2018-06-20 15:46:10 +0000  28746 bytes for ./Payload/ShootSharksDemo.app/www/css/web_version/font-awesome.css
2018-06-20 15:46:10 +0000  copying file ./Payload/ShootSharksDemo.app/www/css/web_version/master_nav_style.css ... 
1925 bytes for ./Payload/ShootSharksDemo.app/www/css/web_version/master_nav_style.css
copying file ./Payload/ShootSharksDemo.app/www/css/web_version/master_styling.css ... 
2018-06-20 15:46:10 +0000  46259 bytes for ./Payload/ShootSharksDemo.app/www/css/web_version/master_styling.css
2018-06-20 15:46:10 +0000  copying file ./Payload/ShootSharksDemo.app/www/css/web_version/pushmenu.css ... 
3442 bytes for ./Payload/ShootSharksDemo.app/www/css/web_version/pushmenu.css
copying file ./Payload/ShootSharksDemo.app/www/css/web_version/style-radio.css ... 
2018-06-20 15:46:10 +0000  2144 bytes for ./Payload/ShootSharksDemo.app/www/css/web_version/style-radio.css
copying file ./Payload/ShootSharksDemo.app/www/css/web_version/style-select.css ... 
3257 bytes for ./Payload/ShootSharksDemo.app/www/css/web_version/style-select.css
copying file ./Payload/ShootSharksDemo.app/www/css/web_version/theme-default.css ... 
2018-06-20 15:46:10 +0000  35353 bytes for ./Payload/ShootSharksDemo.app/www/css/web_version/theme-default.css
copying file ./Payload/ShootSharksDemo.app/www/fonts/fontawesome-webfont.eot ... 
2018-06-20 15:46:10 +0000  60767 bytes for ./Payload/ShootSharksDemo.app/www/fonts/fontawesome-webfont.eot
copying file ./Payload/ShootSharksDemo.app/www/fonts/fontawesome-webfont.svg ... 
2018-06-20 15:46:10 +0000  313398 bytes for ./Payload/ShootSharksDemo.app/www/fonts/fontawesome-webfont.svg
2018-06-20 15:46:10 +0000  copying file ./Payload/ShootSharksDemo.app/www/fonts/fontawesome-webfont.ttf ... 
2018-06-20 15:46:10 +0000  122092 bytes for ./Payload/ShootSharksDemo.app/www/fonts/fontawesome-webfont.ttf
2018-06-20 15:46:10 +0000  copying file ./Payload/ShootSharksDemo.app/www/fonts/fontawesome-webfont.woff ... 
2018-06-20 15:46:10 +0000  71508 bytes for ./Payload/ShootSharksDemo.app/www/fonts/fontawesome-webfont.woff
2018-06-20 15:46:10 +0000  copying file ./Payload/ShootSharksDemo.app/www/fonts/fontawesome-webfont.woff2 ... 
2018-06-20 15:46:10 +0000  56780 bytes for ./Payload/ShootSharksDemo.app/www/fonts/fontawesome-webfont.woff2
2018-06-20 15:46:10 +0000  copying file ./Payload/ShootSharksDemo.app/www/fonts/FontAwesome.otf ... 
2018-06-20 15:46:10 +0000  93888 bytes for ./Payload/ShootSharksDemo.app/www/fonts/FontAwesome.otf
2018-06-20 15:46:10 +0000  copying file ./Payload/ShootSharksDemo.app/www/fonts/glyphicons-halflings-regular.eot ... 
2018-06-20 15:46:10 +0000  20127 bytes for ./Payload/ShootSharksDemo.app/www/fonts/glyphicons-halflings-regular.eot
copying file ./Payload/ShootSharksDemo.app/www/fonts/glyphicons-halflings-regular.svg ... 
2018-06-20 15:46:10 +0000  108738 bytes for ./Payload/ShootSharksDemo.app/www/fonts/glyphicons-halflings-regular.svg
2018-06-20 15:46:10 +0000  copying file ./Payload/ShootSharksDemo.app/www/fonts/glyphicons-halflings-regular.ttf ... 
2018-06-20 15:46:10 +0000  45404 bytes for ./Payload/ShootSharksDemo.app/www/fonts/glyphicons-halflings-regular.ttf
2018-06-20 15:46:10 +0000  copying file ./Payload/ShootSharksDemo.app/www/fonts/glyphicons-halflings-regular.woff ... 
2018-06-20 15:46:10 +0000  23424 bytes for ./Payload/ShootSharksDemo.app/www/fonts/glyphicons-halflings-regular.woff
2018-06-20 15:46:10 +0000  copying file ./Payload/ShootSharksDemo.app/www/fonts/glyphicons-halflings-regular.woff2 ... 
2018-06-20 15:46:10 +0000  18028 bytes for ./Payload/ShootSharksDemo.app/www/fonts/glyphicons-halflings-regular.woff2
copying file ./Payload/ShootSharksDemo.app/www/fonts/Rosario-Bold.ttf ... 
2018-06-20 15:46:10 +0000  42196 bytes for ./Payload/ShootSharksDemo.app/www/fonts/Rosario-Bold.ttf
2018-06-20 15:46:10 +0000  copying file ./Payload/ShootSharksDemo.app/www/fonts/Rosario-BoldItalic.ttf ... 
2018-06-20 15:46:10 +0000  61548 bytes for ./Payload/ShootSharksDemo.app/www/fonts/Rosario-BoldItalic.ttf
2018-06-20 15:46:10 +0000  copying file ./Payload/ShootSharksDemo.app/www/fonts/Rosario-Italic.ttf ... 
2018-06-20 15:46:10 +0000  60452 bytes for ./Payload/ShootSharksDemo.app/www/fonts/Rosario-Italic.ttf
2018-06-20 15:46:10 +0000  copying file ./Payload/ShootSharksDemo.app/www/fonts/Rosario-Regular.ttf ... 
2018-06-20 15:46:10 +0000  61508 bytes for ./Payload/ShootSharksDemo.app/www/fonts/Rosario-Regular.ttf
2018-06-20 15:46:10 +0000  copying file ./Payload/ShootSharksDemo.app/www/forms/addressForm/addressForm.html ... 
10015 bytes for ./Payload/ShootSharksDemo.app/www/forms/addressForm/addressForm.html
copying file ./Payload/ShootSharksDemo.app/www/forms/alarm_safetyForm/alarm_safetyForm.html ... 
2018-06-20 15:46:10 +0000  24234 bytes for ./Payload/ShootSharksDemo.app/www/forms/alarm_safetyForm/alarm_safetyForm.html
2018-06-20 15:46:10 +0000  copying file ./Payload/ShootSharksDemo.app/www/forms/cleaningForm/cleaningForm.html ... 
2018-06-20 15:46:10 +0000  25402 bytes for ./Payload/ShootSharksDemo.app/www/forms/cleaningForm/cleaningForm.html
2018-06-20 15:46:10 +0000  copying file ./Payload/ShootSharksDemo.app/www/forms/detector_safetyForm/detector_safetyForm.html ... 
2018-06-20 15:46:10 +0000  27671 bytes for ./Payload/ShootSharksDemo.app/www/forms/detector_safetyForm/detector_safetyForm.html
2018-06-20 15:46:10 +0000  copying file ./Payload/ShootSharksDemo.app/www/forms/fwdaddressForm/fwdaddressForm.html ... 
2018-06-20 15:46:10 +0000  7456 bytes for ./Payload/ShootSharksDemo.app/www/forms/fwdaddressForm/fwdaddressForm.html
copying file ./Payload/ShootSharksDemo.app/www/forms/hmoForm/deleteHandler_hmo.html ... 
2018-06-20 15:46:10 +0000  1429 bytes for ./Payload/ShootSharksDemo.app/www/forms/hmoForm/deleteHandler_hmo.html
copying file ./Payload/ShootSharksDemo.app/www/forms/hmoForm/formHandler_hmo.html ... 
2018-06-20 15:46:10 +0000  6928 bytes for ./Payload/ShootSharksDemo.app/www/forms/hmoForm/formHandler_hmo.html
copying file ./Payload/ShootSharksDemo.app/www/forms/hmoForm/hmoForm.html ... 
2018-06-20 15:46:10 +0000  90183 bytes for ./Payload/ShootSharksDemo.app/www/forms/hmoForm/hmoForm.html
2018-06-20 15:46:10 +0000  copying file ./Payload/ShootSharksDemo.app/www/forms/hmoForm/js_ajaxDelete/ajaxDelete.js ... 
870 bytes for ./Payload/ShootSharksDemo.app/www/forms/hmoForm/js_ajaxDelete/ajaxDelete.js
2018-06-20 15:46:10 +0000  copying file ./Payload/ShootSharksDemo.app/www/forms/hmoForm/js_formValues/formValues.js ... 
4776 bytes for ./Payload/ShootSharksDemo.app/www/forms/hmoForm/js_formValues/formValues.js
copying file ./Payload/ShootSharksDemo.app/www/forms/hmoForm/js_imageManage/imageManage.js ... 
688 bytes for ./Payload/ShootSharksDemo.app/www/forms/hmoForm/js_imageManage/imageManage.js
2018-06-20 15:46:10 +0000  copying file ./Payload/ShootSharksDemo.app/www/forms/hmoForm/js_imageUpload/imageUpload.js ... 
756 bytes for ./Payload/ShootSharksDemo.app/www/forms/hmoForm/js_imageUpload/imageUpload.js
copying file ./Payload/ShootSharksDemo.app/www/forms/hmoForm/js_initialConfig/initialConfig.js ... 
2018-06-20 15:46:10 +0000  1897 bytes for ./Payload/ShootSharksDemo.app/www/forms/hmoForm/js_initialConfig/initialConfig.js
copying file ./Payload/ShootSharksDemo.app/www/forms/hmoForm/js_line_item_object/lineItems.js ... 
4255 bytes for ./Payload/ShootSharksDemo.app/www/forms/hmoForm/js_line_item_object/lineItems.js
copying file ./Payload/ShootSharksDemo.app/www/forms/hmoForm/js_loggedonTest/loggedonTest.js ... 
268 bytes for ./Payload/ShootSharksDemo.app/www/forms/hmoForm/js_loggedonTest/loggedonTest.js
2018-06-20 15:46:10 +0000  copying file ./Payload/ShootSharksDemo.app/www/forms/hmoForm/js_modalHelp/modalHelp.js ... 
223 bytes for ./Payload/ShootSharksDemo.app/www/forms/hmoForm/js_modalHelp/modalHelp.js
copying file ./Payload/ShootSharksDemo.app/www/forms/hmoForm/js_validateUpload/validateUpload.js ... 
2018-06-20 15:46:10 +0000  1523 bytes for ./Payload/ShootSharksDemo.app/www/forms/hmoForm/js_validateUpload/validateUpload.js
copying file ./Payload/ShootSharksDemo.app/www/forms/hmoForm/php_formSetUp/formSetUp.php ... 
2725 bytes for ./Payload/ShootSharksDemo.app/www/forms/hmoForm/php_formSetUp/formSetUp.php
copying file ./Payload/ShootSharksDemo.app/www/forms/hmoForm/update_hmo_form.html ... 
2018-06-20 15:46:10 +0000  1009 bytes for ./Payload/ShootSharksDemo.app/www/forms/hmoForm/update_hmo_form.html
copying file ./Payload/ShootSharksDemo.app/www/forms/indexInspectionForm/inspection_form_index.html ... 
8909 bytes for ./Payload/ShootSharksDemo.app/www/forms/indexInspectionForm/inspection_form_index.html
copying file ./Payload/ShootSharksDemo.app/www/forms/indexInspectionForm/js_inspectFormIndex/iframeGenerate.js ... 
2175 bytes for ./Payload/ShootSharksDemo.app/www/forms/indexInspectionForm/js_inspectFormIndex/iframeGenerate.js
copying file ./Payload/ShootSharksDemo.app/www/forms/indexInspectionForm/js_inspectFormIndex/initialView.js ... 
316 bytes for ./Payload/ShootSharksDemo.app/www/forms/indexInspectionForm/js_inspectFormIndex/initialView.js
copying file ./Payload/ShootSharksDemo.app/www/forms/indexInspectionForm/js_inspectFormIndex/menuForms.js ... 
2018-06-20 15:46:10 +0000  1190 bytes for ./Payload/ShootSharksDemo.app/www/forms/indexInspectionForm/js_inspectFormIndex/menuForms.js
copying file ./Payload/ShootSharksDemo.app/www/forms/indexInspectionForm/js_inspectFormIndex/pushMenuConfig.js ... 
490 bytes for ./Payload/ShootSharksDemo.app/www/forms/indexInspectionForm/js_inspectFormIndex/pushMenuConfig.js
copying file ./Payload/ShootSharksDemo.app/www/forms/inspectionForm/inspectionForm.html ... 
2018-06-20 15:46:10 +0000  2201 bytes for ./Payload/ShootSharksDemo.app/www/forms/inspectionForm/inspectionForm.html
copying file ./Payload/ShootSharksDemo.app/www/forms/inspectionForm/js_inspectionMenuForm/menuGenerate.js ... 
8806 bytes for ./Payload/ShootSharksDemo.app/www/forms/inspectionForm/js_inspectionMenuForm/menuGenerate.js
copying file ./Payload/ShootSharksDemo.app/www/forms/inspectionForm/js_inspectionMenuForm/selectRoom.js ... 
2018-06-20 15:46:10 +0000  2070 bytes for ./Payload/ShootSharksDemo.app/www/forms/inspectionForm/js_inspectionMenuForm/selectRoom.js
copying file ./Payload/ShootSharksDemo.app/www/forms/inventoryForm/inventoryForm.html ... 
3705 bytes for ./Payload/ShootSharksDemo.app/www/forms/inventoryForm/inventoryForm.html
copying file ./Payload/ShootSharksDemo.app/www/forms/inventoryForm/inventoryPropSpec.html ... 
2018-06-20 15:46:10 +0000  486 bytes for ./Payload/ShootSharksDemo.app/www/forms/inventoryForm/inventoryPropSpec.html
copying file ./Payload/ShootSharksDemo.app/www/forms/inventoryForm/js_inventoryMenuForm/menuGenerate.js ... 
2018-06-20 15:46:10 +0000  8806 bytes for ./Payload/ShootSharksDemo.app/www/forms/inventoryForm/js_inventoryMenuForm/menuGenerate.js
copying file ./Payload/ShootSharksDemo.app/www/forms/inventoryForm/js_inventoryMenuForm/selectRoom.js ... 
2777 bytes for ./Payload/ShootSharksDemo.app/www/forms/inventoryForm/js_inventoryMenuForm/selectRoom.js
2018-06-20 15:46:10 +0000  copying file ./Payload/ShootSharksDemo.app/www/forms/keysForm/keysForm.html ... 
2018-06-20 15:46:10 +0000  22195 bytes for ./Payload/ShootSharksDemo.app/www/forms/keysForm/keysForm.html
2018-06-20 15:46:10 +0000  copying file ./Payload/ShootSharksDemo.app/www/forms/restrictionsForm/restrictionsForm.html ... 
2018-06-20 15:46:10 +0000  23125 bytes for ./Payload/ShootSharksDemo.app/www/forms/restrictionsForm/restrictionsForm.html
2018-06-20 15:46:10 +0000  copying file ./Payload/ShootSharksDemo.app/www/forms/roomForm/deleteHandler_room.html ... 
1258 bytes for ./Payload/ShootSharksDemo.app/www/forms/roomForm/deleteHandler_room.html
2018-06-20 15:46:10 +0000  copying file ./Payload/ShootSharksDemo.app/www/forms/roomForm/js_ajaxDelete/ajaxDelete.js ... 
840 bytes for ./Payload/ShootSharksDemo.app/www/forms/roomForm/js_ajaxDelete/ajaxDelete.js
copying file ./Payload/ShootSharksDemo.app/www/forms/roomForm/js_formValues/formValues.js ... 
2018-06-20 15:46:10 +0000  830 bytes for ./Payload/ShootSharksDemo.app/www/forms/roomForm/js_formValues/formValues.js
copying file ./Payload/ShootSharksDemo.app/www/forms/roomForm/js_imageManage/imageManage.js ... 
1344 bytes for ./Payload/ShootSharksDemo.app/www/forms/roomForm/js_imageManage/imageManage.js
2018-06-20 15:46:10 +0000  copying file ./Payload/ShootSharksDemo.app/www/forms/roomForm/js_imageUpload/imageUpload.js ... 
678 bytes for ./Payload/ShootSharksDemo.app/www/forms/roomForm/js_imageUpload/imageUpload.js
copying file ./Payload/ShootSharksDemo.app/www/forms/roomForm/js_inspection_objects/add_new_object_instruction.txt ... 
2018-06-20 15:46:10 +0000  1361 bytes for ./Payload/ShootSharksDemo.app/www/forms/roomForm/js_inspection_objects/add_new_object_instruction.txt
copying file ./Payload/ShootSharksDemo.app/www/forms/roomForm/js_inspection_objects/bathobject.js ... 
5965 bytes for ./Payload/ShootSharksDemo.app/www/forms/roomForm/js_inspection_objects/bathobject.js
copying file ./Payload/ShootSharksDemo.app/www/forms/roomForm/js_inspection_objects/ceilingobject.js ... 
5871 bytes for ./Payload/ShootSharksDemo.app/www/forms/roomForm/js_inspection_objects/ceilingobject.js
copying file ./Payload/ShootSharksDemo.app/www/forms/roomForm/js_inspection_objects/cookerobject.js ... 
5892 bytes for ./Payload/ShootSharksDemo.app/www/forms/roomForm/js_inspection_objects/cookerobject.js
copying file ./Payload/ShootSharksDemo.app/www/forms/roomForm/js_inspection_objects/doorsframesobject.js ... 
2018-06-20 15:46:10 +0000  5938 bytes for ./Payload/ShootSharksDemo.app/www/forms/roomForm/js_inspection_objects/doorsframesobject.js
copying file ./Payload/ShootSharksDemo.app/www/forms/roomForm/js_inspection_objects/enclosureobject.js ... 
2018-06-20 15:46:10 +0000  12265 bytes for ./Payload/ShootSharksDemo.app/www/forms/roomForm/js_inspection_objects/enclosureobject.js
copying file ./Payload/ShootSharksDemo.app/www/forms/roomForm/js_inspection_objects/fixedObjects.js ... 
173 bytes for ./Payload/ShootSharksDemo.app/www/forms/roomForm/js_inspection_objects/fixedObjects.js
2018-06-20 15:46:10 +0000  copying file ./Payload/ShootSharksDemo.app/www/forms/roomForm/js_inspection_objects/flooringobject.js ... 
5881 bytes for ./Payload/ShootSharksDemo.app/www/forms/roomForm/js_inspection_objects/flooringobject.js
2018-06-20 15:46:10 +0000  copying file ./Payload/ShootSharksDemo.app/www/forms/roomForm/js_inspection_objects/lawnobject.js ... 
5842 bytes for ./Payload/ShootSharksDemo.app/www/forms/roomForm/js_inspection_objects/lawnobject.js
copying file ./Payload/ShootSharksDemo.app/www/forms/roomForm/js_inspection_objects/lightingobject.js ... 
2018-06-20 15:46:10 +0000  5953 bytes for ./Payload/ShootSharksDemo.app/www/forms/roomForm/js_inspection_objects/lightingobject.js
copying file ./Payload/ShootSharksDemo.app/www/forms/roomForm/js_inspection_objects/patiodriveobject.js ... 
2018-06-20 15:46:10 +0000  5896 bytes for ./Payload/ShootSharksDemo.app/www/forms/roomForm/js_inspection_objects/patiodriveobject.js
copying file ./Payload/ShootSharksDemo.app/www/forms/roomForm/js_inspection_objects/sanitoryobject.js ... 
2018-06-20 15:46:10 +0000  5878 bytes for ./Payload/ShootSharksDemo.app/www/forms/roomForm/js_inspection_objects/sanitoryobject.js
copying file ./Payload/ShootSharksDemo.app/www/forms/roomForm/js_inspection_objects/shrubsobject.js ... 
2018-06-20 15:46:10 +0000  5860 bytes for ./Payload/ShootSharksDemo.app/www/forms/roomForm/js_inspection_objects/shrubsobject.js
copying file ./Payload/ShootSharksDemo.app/www/forms/roomForm/js_inspection_objects/wallsobject.js ... 
5900 bytes for ./Payload/ShootSharksDemo.app/www/forms/roomForm/js_inspection_objects/wallsobject.js
copying file ./Payload/ShootSharksDemo.app/www/forms/roomForm/js_inspection_objects/windowsobject.js ... 
2018-06-20 15:46:10 +0000  5894 bytes for ./Payload/ShootSharksDemo.app/www/forms/roomForm/js_inspection_objects/windowsobject.js
copying file ./Payload/ShootSharksDemo.app/www/forms/roomForm/js_line_item_object/lineItems.js ... 
2018-06-20 15:46:10 +0000  6402 bytes for ./Payload/ShootSharksDemo.app/www/forms/roomForm/js_line_item_object/lineItems.js
2018-06-20 15:46:10 +0000  copying file ./Payload/ShootSharksDemo.app/www/forms/roomForm/js_loggedonTest/loggedonTest.js ... 
268 bytes for ./Payload/ShootSharksDemo.app/www/forms/roomForm/js_loggedonTest/loggedonTest.js
2018-06-20 15:46:10 +0000  copying file ./Payload/ShootSharksDemo.app/www/forms/roomForm/js_modalHelp/modalHelp.js ... 
223 bytes for ./Payload/ShootSharksDemo.app/www/forms/roomForm/js_modalHelp/modalHelp.js
copying file ./Payload/ShootSharksDemo.app/www/forms/roomForm/js_roomGroups/room_groups.js ... 
2018-06-20 15:46:10 +0000  1034 bytes for ./Payload/ShootSharksDemo.app/www/forms/roomForm/js_roomGroups/room_groups.js
copying file ./Payload/ShootSharksDemo.app/www/forms/roomForm/js_urlParams/urlParams.js ... 
1638 bytes for ./Payload/ShootSharksDemo.app/www/forms/roomForm/js_urlParams/urlParams.js
2018-06-20 15:46:10 +0000  copying file ./Payload/ShootSharksDemo.app/www/forms/roomForm/js_validateUpload/validateUpload.js ... 
4429 bytes for ./Payload/ShootSharksDemo.app/www/forms/roomForm/js_validateUpload/validateUpload.js
2018-06-20 15:46:10 +0000  copying file ./Payload/ShootSharksDemo.app/www/forms/roomForm/php_formSetUp/formSetUp.php ... 
2018-06-20 15:46:10 +0000  7182 bytes for ./Payload/ShootSharksDemo.app/www/forms/roomForm/php_formSetUp/formSetUp.php
copying file ./Payload/ShootSharksDemo.app/www/forms/roomForm/roomForm.html ... 
2018-06-20 15:46:10 +0000  30514 bytes for ./Payload/ShootSharksDemo.app/www/forms/roomForm/roomForm.html
copying file ./Payload/ShootSharksDemo.app/www/forms/roomForm/update_room_form.html ... 
2018-06-20 15:46:10 +0000  952 bytes for ./Payload/ShootSharksDemo.app/www/forms/roomForm/update_room_form.html
copying file ./Payload/ShootSharksDemo.app/www/forms/safety_certsForm/safety_certsForm.html ... 
2018-06-20 15:46:10 +0000  25038 bytes for ./Payload/ShootSharksDemo.app/www/forms/safety_certsForm/safety_certsForm.html
copying file ./Payload/ShootSharksDemo.app/www/forms/servicesForm/servicesForm.html ... 
2018-06-20 15:46:10 +0000  26217 bytes for ./Payload/ShootSharksDemo.app/www/forms/servicesForm/servicesForm.html
2018-06-20 15:46:10 +0000  copying file ./Payload/ShootSharksDemo.app/www/forms/utilitiesForm/utilitiesForm.html ... 
2018-06-20 15:46:10 +0000  19004 bytes for ./Payload/ShootSharksDemo.app/www/forms/utilitiesForm/utilitiesForm.html
copying file ./Payload/ShootSharksDemo.app/www/forms/weatherForm/weatherForm.html ... 
2018-06-20 15:46:10 +0000  14207 bytes for ./Payload/ShootSharksDemo.app/www/forms/weatherForm/weatherForm.html
2018-06-20 15:46:10 +0000  copying file ./Payload/ShootSharksDemo.app/www/img/csscheckbox_391ce065f36b1460c4845fa9b5173fba.png ... 
1514 bytes for ./Payload/ShootSharksDemo.app/www/img/csscheckbox_391ce065f36b1460c4845fa9b5173fba.png
copying file ./Payload/ShootSharksDemo.app/www/img/csscheckbox_5a1f35c674e05f90728a036a5a666a30.png ... 
2018-06-20 15:46:10 +0000  667 bytes for ./Payload/ShootSharksDemo.app/www/img/csscheckbox_5a1f35c674e05f90728a036a5a666a30.png
copying file ./Payload/ShootSharksDemo.app/www/img/csscheckbox_db90a821b8d1c3cc963948854fe8ce92.png ... 
1191 bytes for ./Payload/ShootSharksDemo.app/www/img/csscheckbox_db90a821b8d1c3cc963948854fe8ce92.png
copying file ./Payload/ShootSharksDemo.app/www/img/house-placeholder.jpg ... 
2018-06-20 15:46:10 +0000  67384 bytes for ./Payload/ShootSharksDemo.app/www/img/house-placeholder.jpg
copying file ./Payload/ShootSharksDemo.app/www/img/logo.png ... 
2018-06-20 15:46:10 +0000  21814 bytes for ./Payload/ShootSharksDemo.app/www/img/logo.png
copying file ./Payload/ShootSharksDemo.app/www/img/map-with-placeholder_318-49647.jpg ... 
2018-06-20 15:46:10 +0000  31589 bytes for ./Payload/ShootSharksDemo.app/www/img/map-with-placeholder_318-49647.jpg
2018-06-20 15:46:10 +0000  copying file ./Payload/ShootSharksDemo.app/www/index.html ... 
2677 bytes for ./Payload/ShootSharksDemo.app/www/index.html
copying file ./Payload/ShootSharksDemo.app/www/index_js.html ... 
2018-06-20 15:46:10 +0000  9684 bytes for ./Payload/ShootSharksDemo.app/www/index_js.html
copying file ./Payload/ShootSharksDemo.app/www/index_old.html ... 
2018-06-20 15:46:10 +0000  2513 bytes for ./Payload/ShootSharksDemo.app/www/index_old.html
copying file ./Payload/ShootSharksDemo.app/www/js/app.js ... 
2018-06-20 15:46:10 +0000  310008 bytes for ./Payload/ShootSharksDemo.app/www/js/app.js
copying file ./Payload/ShootSharksDemo.app/www/js/app_config.js ... 
2018-06-20 15:46:10 +0000  993 bytes for ./Payload/ShootSharksDemo.app/www/js/app_config.js
copying file ./Payload/ShootSharksDemo.app/www/js/app_iframe.js ... 
0 bytes for ./Payload/ShootSharksDemo.app/www/js/app_iframe.js
copying file ./Payload/ShootSharksDemo.app/www/js/forms/addressForm.js ... 
2018-06-20 15:46:10 +0000  3566 bytes for ./Payload/ShootSharksDemo.app/www/js/forms/addressForm.js
copying file ./Payload/ShootSharksDemo.app/www/js/forms/alarm_safetyForm.js ... 
2018-06-20 15:46:10 +0000  9673 bytes for ./Payload/ShootSharksDemo.app/www/js/forms/alarm_safetyForm.js
copying file ./Payload/ShootSharksDemo.app/www/js/forms/cleaningForm.js ... 
2018-06-20 15:46:10 +0000  6474 bytes for ./Payload/ShootSharksDemo.app/www/js/forms/cleaningForm.js
2018-06-20 15:46:10 +0000  copying file ./Payload/ShootSharksDemo.app/www/js/forms/detector_safetyForm.js ... 
2018-06-20 15:46:10 +0000  10359 bytes for ./Payload/ShootSharksDemo.app/www/js/forms/detector_safetyForm.js
copying file ./Payload/ShootSharksDemo.app/www/js/forms/fwdaddressForm.js ... 
3775 bytes for ./Payload/ShootSharksDemo.app/www/js/forms/fwdaddressForm.js
copying file ./Payload/ShootSharksDemo.app/www/js/forms/inventoryForm.js ... 
2018-06-20 15:46:10 +0000  1522 bytes for ./Payload/ShootSharksDemo.app/www/js/forms/inventoryForm.js
copying file ./Payload/ShootSharksDemo.app/www/js/forms/keysForm.js ... 
2018-06-20 15:46:10 +0000  5312 bytes for ./Payload/ShootSharksDemo.app/www/js/forms/keysForm.js
copying file ./Payload/ShootSharksDemo.app/www/js/forms/restrictionsForm.js ... 
2018-06-20 15:46:10 +0000  7327 bytes for ./Payload/ShootSharksDemo.app/www/js/forms/restrictionsForm.js
copying file ./Payload/ShootSharksDemo.app/www/js/forms/safety_certsForm.js ... 
2018-06-20 15:46:10 +0000  6865 bytes for ./Payload/ShootSharksDemo.app/www/js/forms/safety_certsForm.js
copying file ./Payload/ShootSharksDemo.app/www/js/forms/servicesForm.js ... 
2018-06-20 15:46:10 +0000  6162 bytes for ./Payload/ShootSharksDemo.app/www/js/forms/servicesForm.js
copying file ./Payload/ShootSharksDemo.app/www/js/forms/utilitiesForm.js ... 
2018-06-20 15:46:10 +0000  9395 bytes for ./Payload/ShootSharksDemo.app/www/js/forms/utilitiesForm.js
2018-06-20 15:46:10 +0000  copying file ./Payload/ShootSharksDemo.app/www/js/forms/weatherForm.js ... 
6195 bytes for ./Payload/ShootSharksDemo.app/www/js/forms/weatherForm.js
copying file ./Payload/ShootSharksDemo.app/www/js/forms_setup.js ... 
2018-06-20 15:46:10 +0000  484 bytes for ./Payload/ShootSharksDemo.app/www/js/forms_setup.js
copying file ./Payload/ShootSharksDemo.app/www/js/frameworks/_fastclick.js ... 
2018-06-20 15:46:10 +0000  27473 bytes for ./Payload/ShootSharksDemo.app/www/js/frameworks/_fastclick.js
copying file ./Payload/ShootSharksDemo.app/www/js/frameworks/bootstrap.min.js ... 
2018-06-20 15:46:10 +0000  36816 bytes for ./Payload/ShootSharksDemo.app/www/js/frameworks/bootstrap.min.js
2018-06-20 15:46:10 +0000  copying file ./Payload/ShootSharksDemo.app/www/js/frameworks/jquery-3.3.1.min.js ... 
2018-06-20 15:46:10 +0000  86927 bytes for ./Payload/ShootSharksDemo.app/www/js/frameworks/jquery-3.3.1.min.js
copying file ./Payload/ShootSharksDemo.app/www/js/frameworks/jquery.serialize-object.js ... 
2018-06-20 15:46:10 +0000  3389 bytes for ./Payload/ShootSharksDemo.app/www/js/frameworks/jquery.serialize-object.js
copying file ./Payload/ShootSharksDemo.app/www/js/frameworks/jquery.serializejson.min.js ... 
2018-06-20 15:46:10 +0000  5621 bytes for ./Payload/ShootSharksDemo.app/www/js/frameworks/jquery.serializejson.min.js
copying file ./Payload/ShootSharksDemo.app/www/js/index.js ... 
1664 bytes for ./Payload/ShootSharksDemo.app/www/js/index.js
copying file ./Payload/ShootSharksDemo.app/www/js/web_version/jquery.form-validator.js ... 
2018-06-20 15:46:10 +0000  76822 bytes for ./Payload/ShootSharksDemo.app/www/js/web_version/jquery.form-validator.js
copying file ./Payload/ShootSharksDemo.app/www/js/web_version/pushmenu.js ... 
2018-06-20 15:46:10 +0000  4804 bytes for ./Payload/ShootSharksDemo.app/www/js/web_version/pushmenu.js
copying file ./Payload/ShootSharksDemo.app/www/js/web_version/pushmenu_options.js ... 
2018-06-20 15:46:10 +0000  1806 bytes for ./Payload/ShootSharksDemo.app/www/js/web_version/pushmenu_options.js
copying file ./Payload/ShootSharksDemo.app/www/plugins/cordova-plugin-camera/www/Camera.js ... 
2018-06-20 15:46:10 +0000  7995 bytes for ./Payload/ShootSharksDemo.app/www/plugins/cordova-plugin-camera/www/Camera.js
copying file ./Payload/ShootSharksDemo.app/www/plugins/cordova-plugin-camera/www/CameraConstants.js ... 
2018-06-20 15:46:10 +0000  3488 bytes for ./Payload/ShootSharksDemo.app/www/plugins/cordova-plugin-camera/www/CameraConstants.js
copying file ./Payload/ShootSharksDemo.app/www/plugins/cordova-plugin-camera/www/CameraPopoverOptions.js ... 
2296 bytes for ./Payload/ShootSharksDemo.app/www/plugins/cordova-plugin-camera/www/CameraPopoverOptions.js
2018-06-20 15:46:10 +0000  copying file ./Payload/ShootSharksDemo.app/www/plugins/cordova-plugin-camera/www/ios/CameraPopoverHandle.js ... 
2271 bytes for ./Payload/ShootSharksDemo.app/www/plugins/cordova-plugin-camera/www/ios/CameraPopoverHandle.js
2018-06-20 15:46:10 +0000  copying file ./Payload/ShootSharksDemo.app/www/plugins/cordova-plugin-device/www/device.js ... 
2018-06-20 15:46:10 +0000  3070 bytes for ./Payload/ShootSharksDemo.app/www/plugins/cordova-plugin-device/www/device.js
copying file ./Payload/ShootSharksDemo.app/www/plugins/cordova-plugin-dialogs/www/notification.js ... 
2018-06-20 15:46:10 +0000  6013 bytes for ./Payload/ShootSharksDemo.app/www/plugins/cordova-plugin-dialogs/www/notification.js
2018-06-20 15:46:10 +0000  copying file ./Payload/ShootSharksDemo.app/www/plugins/cordova-plugin-file/www/browser/isChrome.js ... 
2018-06-20 15:46:10 +0000  1232 bytes for ./Payload/ShootSharksDemo.app/www/plugins/cordova-plugin-file/www/browser/isChrome.js
copying file ./Payload/ShootSharksDemo.app/www/plugins/cordova-plugin-file/www/DirectoryEntry.js ... 
4681 bytes for ./Payload/ShootSharksDemo.app/www/plugins/cordova-plugin-file/www/DirectoryEntry.js
2018-06-20 15:46:10 +0000  copying file ./Payload/ShootSharksDemo.app/www/plugins/cordova-plugin-file/www/DirectoryReader.js ... 
2724 bytes for ./Payload/ShootSharksDemo.app/www/plugins/cordova-plugin-file/www/DirectoryReader.js
copying file ./Payload/ShootSharksDemo.app/www/plugins/cordova-plugin-file/www/Entry.js ... 
2018-06-20 15:46:10 +0000  9869 bytes for ./Payload/ShootSharksDemo.app/www/plugins/cordova-plugin-file/www/Entry.js
copying file ./Payload/ShootSharksDemo.app/www/plugins/cordova-plugin-file/www/File.js ... 
2714 bytes for ./Payload/ShootSharksDemo.app/www/plugins/cordova-plugin-file/www/File.js
copying file ./Payload/ShootSharksDemo.app/www/plugins/cordova-plugin-file/www/FileEntry.js ... 
3423 bytes for ./Payload/ShootSharksDemo.app/www/plugins/cordova-plugin-file/www/FileEntry.js
copying file ./Payload/ShootSharksDemo.app/www/plugins/cordova-plugin-file/www/FileError.js ... 
1483 bytes for ./Payload/ShootSharksDemo.app/www/plugins/cordova-plugin-file/www/FileError.js
copying file ./Payload/ShootSharksDemo.app/www/plugins/cordova-plugin-file/www/FileReader.js ... 
2018-06-20 15:46:10 +0000  10523 bytes for ./Payload/ShootSharksDemo.app/www/plugins/cordova-plugin-file/www/FileReader.js
copying file ./Payload/ShootSharksDemo.app/www/plugins/cordova-plugin-file/www/FileSystem.js ... 
2018-06-20 15:46:10 +0000  1960 bytes for ./Payload/ShootSharksDemo.app/www/plugins/cordova-plugin-file/www/FileSystem.js
copying file ./Payload/ShootSharksDemo.app/www/plugins/cordova-plugin-file/www/fileSystemPaths.js ... 
2018-06-20 15:46:10 +0000  2548 bytes for ./Payload/ShootSharksDemo.app/www/plugins/cordova-plugin-file/www/fileSystemPaths.js
copying file ./Payload/ShootSharksDemo.app/www/plugins/cordova-plugin-file/www/fileSystems-roots.js ... 
2018-06-20 15:46:10 +0000  1598 bytes for ./Payload/ShootSharksDemo.app/www/plugins/cordova-plugin-file/www/fileSystems-roots.js
copying file ./Payload/ShootSharksDemo.app/www/plugins/cordova-plugin-file/www/fileSystems.js ... 
1047 bytes for ./Payload/ShootSharksDemo.app/www/plugins/cordova-plugin-file/www/fileSystems.js
copying file ./Payload/ShootSharksDemo.app/www/plugins/cordova-plugin-file/www/FileUploadOptions.js ... 
2018-06-20 15:46:10 +0000  1831 bytes for ./Payload/ShootSharksDemo.app/www/plugins/cordova-plugin-file/www/FileUploadOptions.js
copying file ./Payload/ShootSharksDemo.app/www/plugins/cordova-plugin-file/www/FileUploadResult.js ... 
2018-06-20 15:46:10 +0000  1111 bytes for ./Payload/ShootSharksDemo.app/www/plugins/cordova-plugin-file/www/FileUploadResult.js
copying file ./Payload/ShootSharksDemo.app/www/plugins/cordova-plugin-file/www/FileWriter.js ... 
2018-06-20 15:46:10 +0000  10544 bytes for ./Payload/ShootSharksDemo.app/www/plugins/cordova-plugin-file/www/FileWriter.js
copying file ./Payload/ShootSharksDemo.app/www/plugins/cordova-plugin-file/www/Flags.js ... 
1336 bytes for ./Payload/ShootSharksDemo.app/www/plugins/cordova-plugin-file/www/Flags.js
copying file ./Payload/ShootSharksDemo.app/www/plugins/cordova-plugin-file/www/ios/FileSystem.js ... 
2018-06-20 15:46:10 +0000  1222 bytes for ./Payload/ShootSharksDemo.app/www/plugins/cordova-plugin-file/www/ios/FileSystem.js
copying file ./Payload/ShootSharksDemo.app/www/plugins/cordova-plugin-file/www/LocalFileSystem.js ... 
2018-06-20 15:46:10 +0000  957 bytes for ./Payload/ShootSharksDemo.app/www/plugins/cordova-plugin-file/www/LocalFileSystem.js
copying file ./Payload/ShootSharksDemo.app/www/plugins/cordova-plugin-file/www/Metadata.js ... 
1488 bytes for ./Payload/ShootSharksDemo.app/www/plugins/cordova-plugin-file/www/Metadata.js
copying file ./Payload/ShootSharksDemo.app/www/plugins/cordova-plugin-file/www/ProgressEvent.js ... 
2544 bytes for ./Payload/ShootSharksDemo.app/www/plugins/cordova-plugin-file/www/ProgressEvent.js
copying file ./Payload/ShootSharksDemo.app/www/plugins/cordova-plugin-file/www/requestFileSystem.js ... 
3244 bytes for ./Payload/ShootSharksDemo.app/www/plugins/cordova-plugin-file/www/requestFileSystem.js
copying file ./Payload/ShootSharksDemo.app/www/plugins/cordova-plugin-file/www/resolveLocalFileSystemURI.js ... 
2018-06-20 15:46:10 +0000  4325 bytes for ./Payload/ShootSharksDemo.app/www/plugins/cordova-plugin-file/www/resolveLocalFileSystemURI.js
copying file ./Payload/ShootSharksDemo.app/www/plugins/cordova-plugin-inappbrowser/www/inappbrowser.js ... 
4485 bytes for ./Payload/ShootSharksDemo.app/www/plugins/cordova-plugin-inappbrowser/www/inappbrowser.js
2018-06-20 15:46:10 +0000  copying file ./Payload/ShootSharksDemo.app/www/plugins/cordova-plugin-network-information/www/Connection.js ... 
1132 bytes for ./Payload/ShootSharksDemo.app/www/plugins/cordova-plugin-network-information/www/Connection.js
copying file ./Payload/ShootSharksDemo.app/www/plugins/cordova-plugin-network-information/www/network.js ... 
2018-06-20 15:46:10 +0000  3369 bytes for ./Payload/ShootSharksDemo.app/www/plugins/cordova-plugin-network-information/www/network.js
copying file ./Payload/ShootSharksDemo.app/www/plugins/cordova-plugin-statusbar/www/statusbar.js ... 
2018-06-20 15:46:10 +0000  3376 bytes for ./Payload/ShootSharksDemo.app/www/plugins/cordova-plugin-statusbar/www/statusbar.js
2018-06-20 15:46:10 +0000  
2018-06-20 15:46:10 +0000  2018-06-20 15:46:10 +0000  /usr/bin/ditto exited with 0

2018-06-20 15:46:10 +0000  
2018-06-20 15:46:10 +0000  Processing step: IDEDistributionCreateManifestStep
